size: 6
     a   b   c   d   e   f 
   +---+---+---+---+---+---+
 1 |   |   |   |   |   |   |
   +---+---+---+---+---+---+
 2 |   |   |   |   |   |   |
   +---+---+---+---+---+---+
 3 |   |   |   |   |   |   |
   +---+---+---+---+---+---+
 4 |   |   |   |   |   |   |
   +---+---+---+---+---+---+
 5 |   |   |   |   |   |   |
   +---+---+---+---+---+---+
 6 |   |   |   |   |   |   |
   +---+---+---+---+---+---+
Move played: --
Dark player (human) plays now
>     a   b   c   d   e   f 
   +---+---+---+---+---+---+
 1 |   |   |   |   |   |   |
   +---+---+---+---+---+---+
 2 |   |   |   |   |   |   |
   +---+---+---+---+---+---+
 3 |   |   |   |   |   |   |
   +---+---+---+---+---+---+
 4 |   |   |   |   |   |   |
   +---+---+---+---+---+---+
 5 |   |   |   |   |   |   |
   +---+---+---+---+---+---+
 6 |   |   |   |   | D |   |
   +---+---+---+---+---+---+
Move played: e6
Light player (COM) plays now
Light player (COM) is calculating its next move... (this might take up to 30 seconds)
     a   b   c   d   e   f 
   +---+---+---+---+---+---+
 1 |   |   |   |   |   |   |
   +---+---+---+---+---+---+
 2 |   |   |   |   |   |   |
   +---+---+---+---+---+---+
 3 |   |   |   |   |   |   |
   +---+---+---+---+---+---+
 4 |   |   |   |   |   | L |
   +---+---+---+---+---+---+
 5 |   |   |   |   |   |   |
   +---+---+---+---+---+---+
 6 |   |   |   |   | D |   |
   +---+---+---+---+---+---+
Move played: f4
Dark player (human) plays now
>     a   b   c   d   e   f 
   +---+---+---+---+---+---+
 1 |   |   |   |   |   |   |
   +---+---+---+---+---+---+
 2 |   |   |   |   |   |   |
   +---+---+---+---+---+---+
 3 |   |   |   |   |   |   |
   +---+---+---+---+---+---+
 4 |   |   |   |   |   | L |
   +---+---+---+---+---+---+
 5 |   |   |   |   |   |   |
   +---+---+---+---+---+---+
 6 |   |   |   | D | D |   |
   +---+---+---+---+---+---+
Move played: d6
Light player (COM) plays now
Light player (COM) is calculating its next move... (this might take up to 30 seconds)
     a   b   c   d   e   f 
   +---+---+---+---+---+---+
 1 |   |   |   |   |   |   |
   +---+---+---+---+---+---+
 2 |   |   |   |   |   |   |
   +---+---+---+---+---+---+
 3 |   |   |   |   |   |   |
   +---+---+---+---+---+---+
 4 |   |   |   |   |   | L |
   +---+---+---+---+---+---+
 5 |   |   |   |   |   |   |
   +---+---+---+---+---+---+
 6 |   | L |   | D | D |   |
   +---+---+---+---+---+---+
Move played: b6
Dark player (human) plays now
>     a   b   c   d   e   f 
   +---+---+---+---+---+---+
 1 |   |   |   |   |   |   |
   +---+---+---+---+---+---+
 2 |   |   |   |   |   |   |
   +---+---+---+---+---+---+
 3 |   |   |   |   |   |   |
   +---+---+---+---+---+---+
 4 |   |   |   |   |   | L |
   +---+---+---+---+---+---+
 5 |   |   |   | D |   |   |
   +---+---+---+---+---+---+
 6 |   | L |   | D | D |   |
   +---+---+---+---+---+---+
Move played: d5
Light player (COM) plays now
Light player (COM) is calculating its next move... (this might take up to 30 seconds)
     a   b   c   d   e   f 
   +---+---+---+---+---+---+
 1 |   |   |   |   |   |   |
   +---+---+---+---+---+---+
 2 |   |   |   |   |   |   |
   +---+---+---+---+---+---+
 3 |   |   |   |   |   | L |
   +---+---+---+---+---+---+
 4 |   |   |   |   |   | L |
   +---+---+---+---+---+---+
 5 |   |   |   | D |   |   |
   +---+---+---+---+---+---+
 6 |   | L |   | D | D |   |
   +---+---+---+---+---+---+
Move played: f3
Dark player (human) plays now
>     a   b   c   d   e   f 
   +---+---+---+---+---+---+
 1 |   |   |   |   |   |   |
   +---+---+---+---+---+---+
 2 |   |   |   |   |   | D |
   +---+---+---+---+---+---+
 3 |   |   |   |   |   | L |
   +---+---+---+---+---+---+
 4 |   |   |   |   |   | L |
   +---+---+---+---+---+---+
 5 |   |   |   | D |   |   |
   +---+---+---+---+---+---+
 6 |   | L |   | D | D |   |
   +---+---+---+---+---+---+
Move played: f2
Light player (COM) plays now
Light player (COM) is calculating its next move... (this might take up to 30 seconds)
     a   b   c   d   e   f 
   +---+---+---+---+---+---+
 1 |   |   |   |   |   |   |
   +---+---+---+---+---+---+
 2 |   |   |   |   |   | D |
   +---+---+---+---+---+---+
 3 |   |   | L |   |   | L |
   +---+---+---+---+---+---+
 4 |   |   |   |   |   | L |
   +---+---+---+---+---+---+
 5 |   |   |   | D |   |   |
   +---+---+---+---+---+---+
 6 |   | L |   | D | D |   |
   +---+---+---+---+---+---+
Move played: c3
Dark player (human) plays now
>     a   b   c   d   e   f 
   +---+---+---+---+---+---+
 1 |   |   |   |   |   |   |
   +---+---+---+---+---+---+
 2 |   |   |   |   |   | D |
   +---+---+---+---+---+---+
 3 |   |   | L |   | D | L |
   +---+---+---+---+---+---+
 4 |   |   |   |   |   | L |
   +---+---+---+---+---+---+
 5 |   |   |   | D |   |   |
   +---+---+---+---+---+---+
 6 |   | L |   | D | D |   |
   +---+---+---+---+---+---+
Move played: e3
Light player (COM) plays now
Light player (COM) is calculating its next move... (this might take up to 30 seconds)
     a   b   c   d   e   f 
   +---+---+---+---+---+---+
 1 |   |   |   |   |   |   |
   +---+---+---+---+---+---+
 2 |   |   |   |   | L | D |
   +---+---+---+---+---+---+
 3 |   |   | L |   | D | L |
   +---+---+---+---+---+---+
 4 |   |   |   |   |   | L |
   +---+---+---+---+---+---+
 5 |   |   |   | D |   |   |
   +---+---+---+---+---+---+
 6 |   | L |   | D | D |   |
   +---+---+---+---+---+---+
Move played: e2
Dark player (human) plays now
>     a   b   c   d   e   f 
   +---+---+---+---+---+---+
 1 |   |   |   |   |   |   |
   +---+---+---+---+---+---+
 2 | D |   |   |   | L | D |
   +---+---+---+---+---+---+
 3 |   |   | L |   | D | L |
   +---+---+---+---+---+---+
 4 |   |   |   |   |   | L |
   +---+---+---+---+---+---+
 5 |   |   |   | D |   |   |
   +---+---+---+---+---+---+
 6 |   | L |   | D | D |   |
   +---+---+---+---+---+---+
Move played: a2
Light player (COM) plays now
Light player (COM) is calculating its next move... (this might take up to 30 seconds)
     a   b   c   d   e   f 
   +---+---+---+---+---+---+
 1 |   |   |   |   |   |   |
   +---+---+---+---+---+---+
 2 | D |   |   |   | L | D |
   +---+---+---+---+---+---+
 3 |   | L | L |   | D | L |
   +---+---+---+---+---+---+
 4 |   |   |   |   |   | L |
   +---+---+---+---+---+---+
 5 |   |   |   | D |   |   |
   +---+---+---+---+---+---+
 6 |   | L |   | D | D |   |
   +---+---+---+---+---+---+
Move played: b3
Dark player (human) plays now
>     a   b   c   d   e   f 
   +---+---+---+---+---+---+
 1 |   |   |   |   |   |   |
   +---+---+---+---+---+---+
 2 | D |   |   | D | L | D |
   +---+---+---+---+---+---+
 3 |   | L | L |   | D | L |
   +---+---+---+---+---+---+
 4 |   |   |   |   |   | L |
   +---+---+---+---+---+---+
 5 |   |   |   | D |   |   |
   +---+---+---+---+---+---+
 6 |   | L |   | D | D |   |
   +---+---+---+---+---+---+
Move played: d2
Light player (COM) plays now
Light player (COM) is calculating its next move... (this might take up to 30 seconds)
     a   b   c   d   e   f 
   +---+---+---+---+---+---+
 1 |   |   |   |   |   |   |
   +---+---+---+---+---+---+
 2 | D |   |   | D | L | D |
   +---+---+---+---+---+---+
 3 |   | L | L |   | D | L |
   +---+---+---+---+---+---+
 4 |   |   |   |   |   | L |
   +---+---+---+---+---+---+
 5 |   |   |   | D |   | L |
   +---+---+---+---+---+---+
 6 |   | L |   | D | D |   |
   +---+---+---+---+---+---+
Move played: f5
Dark player (human) plays now
>     a   b   c   d   e   f 
   +---+---+---+---+---+---+
 1 |   |   |   |   |   |   |
   +---+---+---+---+---+---+
 2 | D |   |   | D | L | D |
   +---+---+---+---+---+---+
 3 |   | L | L |   | D | L |
   +---+---+---+---+---+---+
 4 |   |   |   |   |   | L |
   +---+---+---+---+---+---+
 5 | D |   |   | D |   | L |
   +---+---+---+---+---+---+
 6 |   | L |   | D | D |   |
   +---+---+---+---+---+---+
Move played: a5
Light player (COM) plays now
Light player (COM) is calculating its next move... (this might take up to 30 seconds)
     a   b   c   d   e   f 
   +---+---+---+---+---+---+
 1 |   |   |   |   |   |   |
   +---+---+---+---+---+---+
 2 | D |   |   | D | L | D |
   +---+---+---+---+---+---+
 3 |   | L | L |   | D | L |
   +---+---+---+---+---+---+
 4 |   |   |   |   |   | L |
   +---+---+---+---+---+---+
 5 | D |   |   | D |   | L |
   +---+---+---+---+---+---+
 6 | L | L |   | D | D |   |
   +---+---+---+---+---+---+
Move played: a6
Dark player (human) plays now
>     a   b   c   d   e   f 
   +---+---+---+---+---+---+
 1 |   |   |   |   |   |   |
   +---+---+---+---+---+---+
 2 | D |   |   | D | L | D |
   +---+---+---+---+---+---+
 3 |   | L | L |   | D | L |
   +---+---+---+---+---+---+
 4 |   |   |   |   |   | L |
   +---+---+---+---+---+---+
 5 | D |   |   | D | D | L |
   +---+---+---+---+---+---+
 6 | L | L |   | D | D |   |
   +---+---+---+---+---+---+
Move played: e5
Light player (COM) plays now
Light player (COM) is calculating its next move... (this might take up to 30 seconds)
     a   b   c   d   e   f 
   +---+---+---+---+---+---+
 1 |   |   |   |   |   |   |
   +---+---+---+---+---+---+
 2 | D |   |   | D | L | D |
   +---+---+---+---+---+---+
 3 |   | L | L |   | D | L |
   +---+---+---+---+---+---+
 4 |   |   |   | L |   | L |
   +---+---+---+---+---+---+
 5 | D |   |   | D | D | L |
   +---+---+---+---+---+---+
 6 | L | L |   | D | D |   |
   +---+---+---+---+---+---+
Move played: d4
Dark player (human) plays now
>     a   b   c   d   e   f 
   +---+---+---+---+---+---+
 1 |   |   |   |   |   |   |
   +---+---+---+---+---+---+
 2 | D |   |   | D | L | D |
   +---+---+---+---+---+---+
 3 |   | L | L |   | D | L |
   +---+---+---+---+---+---+
 4 |   |   |   | L |   | L |
   +---+---+---+---+---+---+
 5 | D | D |   | D | D | L |
   +---+---+---+---+---+---+
 6 | L | L |   | D | D |   |
   +---+---+---+---+---+---+
Move played: b5
Light player (COM) plays now
Light player (COM) is calculating its next move... (this might take up to 30 seconds)
     a   b   c   d   e   f 
   +---+---+---+---+---+---+
 1 |   |   |   |   |   |   |
   +---+---+---+---+---+---+
 2 | D |   |   | D | L | D |
   +---+---+---+---+---+---+
 3 |   | L | L |   | D | L |
   +---+---+---+---+---+---+
 4 |   |   |   | L |   | L |
   +---+---+---+---+---+---+
 5 | D | D | L | D | D | L |
   +---+---+---+---+---+---+
 6 | L | L |   | D | D |   |
   +---+---+---+---+---+---+
Move played: c5
Dark player (human) plays now
>     a   b   c   d   e   f 
   +---+---+---+---+---+---+
 1 |   |   |   |   |   |   |
   +---+---+---+---+---+---+
 2 | D |   | D | D | L | D |
   +---+---+---+---+---+---+
 3 |   | L | L |   | D | L |
   +---+---+---+---+---+---+
 4 |   |   |   | L |   | L |
   +---+---+---+---+---+---+
 5 | D | D | L | D | D | L |
   +---+---+---+---+---+---+
 6 | L | L |   | D | D |   |
   +---+---+---+---+---+---+
Move played: c2
Light player (COM) plays now
Light player (COM) is calculating its next move... (this might take up to 30 seconds)
     a   b   c   d   e   f 
   +---+---+---+---+---+---+
 1 |   |   |   | L |   |   |
   +---+---+---+---+---+---+
 2 | D |   | D | D | L | D |
   +---+---+---+---+---+---+
 3 |   | L | L |   | D | L |
   +---+---+---+---+---+---+
 4 |   |   |   | L |   | L |
   +---+---+---+---+---+---+
 5 | D | D | L | D | D | L |
   +---+---+---+---+---+---+
 6 | L | L |   | D | D |   |
   +---+---+---+---+---+---+
Move played: d1
Dark player (human) plays now
>     a   b   c   d   e   f 
   +---+---+---+---+---+---+
 1 | D |   |   | L |   |   |
   +---+---+---+---+---+---+
 2 | D |   | D | D | L | D |
   +---+---+---+---+---+---+
 3 |   | L | L |   | D | L |
   +---+---+---+---+---+---+
 4 |   |   |   | L |   | L |
   +---+---+---+---+---+---+
 5 | D | D | L | D | D | L |
   +---+---+---+---+---+---+
 6 | L | L |   | D | D |   |
   +---+---+---+---+---+---+
Move played: a1
Light player (COM) plays now
Light player (COM) is calculating its next move... (this might take up to 30 seconds)
     a   b   c   d   e   f 
   +---+---+---+---+---+---+
 1 | D |   |   | L |   |   |
   +---+---+---+---+---+---+
 2 | D |   | D | D | L | D |
   +---+---+---+---+---+---+
 3 |   | L | L | L | D | L |
   +---+---+---+---+---+---+
 4 |   |   |   | L |   | L |
   +---+---+---+---+---+---+
 5 | D | D | L | D | D | L |
   +---+---+---+---+---+---+
 6 | L | L |   | D | D |   |
   +---+---+---+---+---+---+
Move played: d3
Dark player (human) plays now
>     a   b   c   d   e   f 
   +---+---+---+---+---+---+
 1 | D |   |   | L |   |   |
   +---+---+---+---+---+---+
 2 | D |   | D | D | L | D |
   +---+---+---+---+---+---+
 3 |   | L | L | L | D | L |
   +---+---+---+---+---+---+
 4 |   | D |   | L |   | L |
   +---+---+---+---+---+---+
 5 | D | D | L | D | D | L |
   +---+---+---+---+---+---+
 6 | L | L |   | D | D |   |
   +---+---+---+---+---+---+
Move played: b4
Light player (COM) plays now
Light player (COM) is calculating its next move... (this might take up to 30 seconds)
     a   b   c   d   e   f 
   +---+---+---+---+---+---+
 1 | D |   |   | L |   |   |
   +---+---+---+---+---+---+
 2 | D |   | D | D | L | D |
   +---+---+---+---+---+---+
 3 |   | L | L | L | D | L |
   +---+---+---+---+---+---+
 4 | L | D |   | L |   | L |
   +---+---+---+---+---+---+
 5 | D | D | L | D | D | L |
   +---+---+---+---+---+---+
 6 | L | L |   | D | D |   |
   +---+---+---+---+---+---+
Move played: a4
Dark player (human) plays now
>     a   b   c   d   e   f 
   +---+---+---+---+---+---+
 1 | D |   |   | L |   |   |
   +---+---+---+---+---+---+
 2 | D | D | D | D | L | D |
   +---+---+---+---+---+---+
 3 |   | L | L | L | D | L |
   +---+---+---+---+---+---+
 4 | L | D |   | L |   | L |
   +---+---+---+---+---+---+
 5 | D | D | L | D | D | L |
   +---+---+---+---+---+---+
 6 | L | L |   | D | D |   |
   +---+---+---+---+---+---+
Move played: b2
Light player (COM) plays now
Light player (COM) is calculating its next move... (this might take up to 30 seconds)
     a   b   c   d   e   f 
   +---+---+---+---+---+---+
 1 | D |   |   | L | L |   |
   +---+---+---+---+---+---+
 2 | D | D | D | D | L | D |
   +---+---+---+---+---+---+
 3 |   | L | L | L | D | L |
   +---+---+---+---+---+---+
 4 | L | D |   | L |   | L |
   +---+---+---+---+---+---+
 5 | D | D | L | D | D | L |
   +---+---+---+---+---+---+
 6 | L | L |   | D | D |   |
   +---+---+---+---+---+---+
Move played: e1
Dark player (human) plays now
>     a   b   c   d   e   f 
   +---+---+---+---+---+---+
 1 | D | D |   | L | L |   |
   +---+---+---+---+---+---+
 2 | D | D | D | D | L | D |
   +---+---+---+---+---+---+
 3 |   | L | L | L | D | L |
   +---+---+---+---+---+---+
 4 | L | D |   | L |   | L |
   +---+---+---+---+---+---+
 5 | D | D | L | D | D | L |
   +---+---+---+---+---+---+
 6 | L | L |   | D | D |   |
   +---+---+---+---+---+---+
Move played: b1
Light player (COM) plays now
Light player (COM) is calculating its next move... (this might take up to 30 seconds)
     a   b   c   d   e   f 
   +---+---+---+---+---+---+
 1 | D | D | L | L | L |   |
   +---+---+---+---+---+---+
 2 | D | D | D | D | L | D |
   +---+---+---+---+---+---+
 3 |   | L | L | L | D | L |
   +---+---+---+---+---+---+
 4 | L | D |   | L |   | L |
   +---+---+---+---+---+---+
 5 | D | D | L | D | D | L |
   +---+---+---+---+---+---+
 6 | L | L |   | D | D |   |
   +---+---+---+---+---+---+
Move played: c1
Dark player (human) plays now
>     a   b   c   d   e   f 
   +---+---+---+---+---+---+
 1 | D | D | L | L | L |   |
   +---+---+---+---+---+---+
 2 | D | D | D | D | L | D |
   +---+---+---+---+---+---+
 3 |   | L | L | L | D | L |
   +---+---+---+---+---+---+
 4 | L | D |   | L | D | L |
   +---+---+---+---+---+---+
 5 | D | D | L | D | D | L |
   +---+---+---+---+---+---+
 6 | L | L |   | D | D |   |
   +---+---+---+---+---+---+
Move played: e4
Light player (COM) plays now
Light player (COM) is calculating its next move... (this might take up to 30 seconds)
     a   b   c   d   e   f 
   +---+---+---+---+---+---+
 1 | D | D | L | L | L | L |
   +---+---+---+---+---+---+
 2 | D | D | D | D | L | D |
   +---+---+---+---+---+---+
 3 |   | L | L | L | D | L |
   +---+---+---+---+---+---+
 4 | L | D |   | L | D | L |
   +---+---+---+---+---+---+
 5 | D | D | L | D | D | L |
   +---+---+---+---+---+---+
 6 | L | L |   | D | D |   |
   +---+---+---+---+---+---+
Move played: f1
Dark player (human) plays now
>     a   b   c   d   e   f 
   +---+---+---+---+---+---+
 1 | D | D | L | L | L | L |
   +---+---+---+---+---+---+
 2 | D | D | D | D | L | D |
   +---+---+---+---+---+---+
 3 |   | L | L | L | D | L |
   +---+---+---+---+---+---+
 4 | L | D |   | L | D | L |
   +---+---+---+---+---+---+
 5 | D | D | L | D | D | L |
   +---+---+---+---+---+---+
 6 | L | L |   | D | D | D |
   +---+---+---+---+---+---+
Move played: f6
Light player (COM) plays now
Light player (COM) is calculating its next move... (this might take up to 30 seconds)
     a   b   c   d   e   f 
   +---+---+---+---+---+---+
 1 | D | D | L | L | L | L |
   +---+---+---+---+---+---+
 2 | D | D | D | D | L | D |
   +---+---+---+---+---+---+
 3 | L | L | L | L | D | L |
   +---+---+---+---+---+---+
 4 | L | D |   | L | D | L |
   +---+---+---+---+---+---+
 5 | D | D | L | D | D | L |
   +---+---+---+---+---+---+
 6 | L | L |   | D | D | D |
   +---+---+---+---+---+---+
Move played: a3
Dark player (human) plays now
>     a   b   c   d   e   f 
   +---+---+---+---+---+---+
 1 | D | D | L | L | L | L |
   +---+---+---+---+---+---+
 2 | D | D | D | D | L | D |
   +---+---+---+---+---+---+
 3 | L | L | L | L | D | L |
   +---+---+---+---+---+---+
 4 | L | D | D | L | D | L |
   +---+---+---+---+---+---+
 5 | D | D | L | D | D | L |
   +---+---+---+---+---+---+
 6 | L | L |   | D | D | D |
   +---+---+---+---+---+---+
Move played: c4
Light player (COM) plays now
Light player (COM) is calculating its next move... (this might take up to 30 seconds)
     a   b   c   d   e   f 
   +---+---+---+---+---+---+
 1 | D | D | L | L | L | L |
   +---+---+---+---+---+---+
 2 | D | D | D | D | L | D |
   +---+---+---+---+---+---+
 3 | L | L | L | L | D | L |
   +---+---+---+---+---+---+
 4 | L | D | D | L | D | L |
   +---+---+---+---+---+---+
 5 | D | D | L | D | D | L |
   +---+---+---+---+---+---+
 6 | L | L | L | D | D | D |
   +---+---+---+---+---+---+
Move played: c6
