size: 15
     a   b   c   d   e   f   g   h   i   j   k   l   m   n   o 
   +---+---+---+---+---+---+---+---+---+---+---+---+---+---+---+
 1 |   |   |   |   |   |   |   |   |   |   |   |   |   |   |   |
   +---+---+---+---+---+---+---+---+---+---+---+---+---+---+---+
 2 |   |   |   |   |   |   |   |   |   |   |   |   |   |   |   |
   +---+---+---+---+---+---+---+---+---+---+---+---+---+---+---+
 3 |   |   |   |   |   |   |   |   |   |   |   |   |   |   |   |
   +---+---+---+---+---+---+---+---+---+---+---+---+---+---+---+
 4 |   |   |   |   |   |   |   |   |   |   |   |   |   |   |   |
   +---+---+---+---+---+---+---+---+---+---+---+---+---+---+---+
 5 |   |   |   |   |   |   |   |   |   |   |   |   |   |   |   |
   +---+---+---+---+---+---+---+---+---+---+---+---+---+---+---+
 6 |   |   |   |   |   |   |   |   |   |   |   |   |   |   |   |
   +---+---+---+---+---+---+---+---+---+---+---+---+---+---+---+
 7 |   |   |   |   |   |   |   |   |   |   |   |   |   |   |   |
   +---+---+---+---+---+---+---+---+---+---+---+---+---+---+---+
 8 |   |   |   |   |   |   |   |   |   |   |   |   |   |   |   |
   +---+---+---+---+---+---+---+---+---+---+---+---+---+---+---+
 9 |   |   |   |   |   |   |   |   |   |   |   |   |   |   |   |
   +---+---+---+---+---+---+---+---+---+---+---+---+---+---+---+
10 |   |   |   |   |   |   |   |   |   |   |   |   |   |   |   |
   +---+---+---+---+---+---+---+---+---+---+---+---+---+---+---+
11 |   |   |   |   |   |   |   |   |   |   |   |   |   |   |   |
   +---+---+---+---+---+---+---+---+---+---+---+---+---+---+---+
12 |   |   |   |   |   |   |   |   |   |   |   |   |   |   |   |
   +---+---+---+---+---+---+---+---+---+---+---+---+---+---+---+
13 |   |   |   |   |   |   |   |   |   |   |   |   |   |   |   |
   +---+---+---+---+---+---+---+---+---+---+---+---+---+---+---+
14 |   |   |   |   |   |   |   |   |   |   |   |   |   |   |   |
   +---+---+---+---+---+---+---+---+---+---+---+---+---+---+---+
15 |   |   |   |   |   |   |   |   |   |   |   |   |   |   |   |
   +---+---+---+---+---+---+---+---+---+---+---+---+---+---+---+
Move played: --
Dark player (human) plays now
>     a   b   c   d   e   f   g   h   i   j   k   l   m   n   o 
   +---+---+---+---+---+---+---+---+---+---+---+---+---+---+---+
 1 |   |   |   |   |   |   |   |   |   |   |   |   |   |   |   |
   +---+---+---+---+---+---+---+---+---+---+---+---+---+---+---+
 2 |   |   |   |   |   |   |   |   |   |   |   |   |   |   |   |
   +---+---+---+---+---+---+---+---+---+---+---+---+---+---+---+
 3 |   |   |   |   |   |   |   |   |   |   |   |   |   |   |   |
   +---+---+---+---+---+---+---+---+---+---+---+---+---+---+---+
 4 |   |   |   |   |   |   |   |   |   |   |   |   |   |   |   |
   +---+---+---+---+---+---+---+---+---+---+---+---+---+---+---+
 5 |   |   |   |   |   |   |   |   |   |   |   |   |   |   |   |
   +---+---+---+---+---+---+---+---+---+---+---+---+---+---+---+
 6 |   |   |   |   |   |   |   |   |   |   |   |   |   |   |   |
   +---+---+---+---+---+---+---+---+---+---+---+---+---+---+---+
 7 |   |   |   | D |   |   |   |   |   |   |   |   |   |   |   |
   +---+---+---+---+---+---+---+---+---+---+---+---+---+---+---+
 8 |   |   |   |   |   |   |   |   |   |   |   |   |   |   |   |
   +---+---+---+---+---+---+---+---+---+---+---+---+---+---+---+
 9 |   |   |   |   |   |   |   |   |   |   |   |   |   |   |   |
   +---+---+---+---+---+---+---+---+---+---+---+---+---+---+---+
10 |   |   |   |   |   |   |   |   |   |   |   |   |   |   |   |
   +---+---+---+---+---+---+---+---+---+---+---+---+---+---+---+
11 |   |   |   |   |   |   |   |   |   |   |   |   |   |   |   |
   +---+---+---+---+---+---+---+---+---+---+---+---+---+---+---+
12 |   |   |   |   |   |   |   |   |   |   |   |   |   |   |   |
   +---+---+---+---+---+---+---+---+---+---+---+---+---+---+---+
13 |   |   |   |   |   |   |   |   |   |   |   |   |   |   |   |
   +---+---+---+---+---+---+---+---+---+---+---+---+---+---+---+
14 |   |   |   |   |   |   |   |   |   |   |   |   |   |   |   |
   +---+---+---+---+---+---+---+---+---+---+---+---+---+---+---+
15 |   |   |   |   |   |   |   |   |   |   |   |   |   |   |   |
   +---+---+---+---+---+---+---+---+---+---+---+---+---+---+---+
Move played: d7
Light player (COM) plays now
Light player (COM) is calculating its next move... (this might take up to 30 seconds)
     a   b   c   d   e   f   g   h   i   j   k   l   m   n   o 
   +---+---+---+---+---+---+---+---+---+---+---+---+---+---+---+
 1 |   |   |   |   |   |   |   |   |   |   |   |   |   |   |   |
   +---+---+---+---+---+---+---+---+---+---+---+---+---+---+---+
 2 |   |   |   |   |   |   |   |   |   |   |   |   |   |   |   |
   +---+---+---+---+---+---+---+---+---+---+---+---+---+---+---+
 3 |   |   |   |   |   |   |   |   |   |   |   |   |   |   |   |
   +---+---+---+---+---+---+---+---+---+---+---+---+---+---+---+
 4 |   |   |   |   |   |   |   |   |   |   |   |   |   |   |   |
   +---+---+---+---+---+---+---+---+---+---+---+---+---+---+---+
 5 |   |   |   |   |   |   |   |   |   |   |   |   |   |   |   |
   +---+---+---+---+---+---+---+---+---+---+---+---+---+---+---+
 6 |   |   |   |   |   |   |   |   |   |   |   |   |   |   |   |
   +---+---+---+---+---+---+---+---+---+---+---+---+---+---+---+
 7 |   |   |   | D |   |   |   |   |   |   |   |   |   |   |   |
   +---+---+---+---+---+---+---+---+---+---+---+---+---+---+---+
 8 |   |   |   |   | L |   |   |   |   |   |   |   |   |   |   |
   +---+---+---+---+---+---+---+---+---+---+---+---+---+---+---+
 9 |   |   |   |   |   |   |   |   |   |   |   |   |   |   |   |
   +---+---+---+---+---+---+---+---+---+---+---+---+---+---+---+
10 |   |   |   |   |   |   |   |   |   |   |   |   |   |   |   |
   +---+---+---+---+---+---+---+---+---+---+---+---+---+---+---+
11 |   |   |   |   |   |   |   |   |   |   |   |   |   |   |   |
   +---+---+---+---+---+---+---+---+---+---+---+---+---+---+---+
12 |   |   |   |   |   |   |   |   |   |   |   |   |   |   |   |
   +---+---+---+---+---+---+---+---+---+---+---+---+---+---+---+
13 |   |   |   |   |   |   |   |   |   |   |   |   |   |   |   |
   +---+---+---+---+---+---+---+---+---+---+---+---+---+---+---+
14 |   |   |   |   |   |   |   |   |   |   |   |   |   |   |   |
   +---+---+---+---+---+---+---+---+---+---+---+---+---+---+---+
15 |   |   |   |   |   |   |   |   |   |   |   |   |   |   |   |
   +---+---+---+---+---+---+---+---+---+---+---+---+---+---+---+
Move played: e8
Dark player (human) plays now
>     a   b   c   d   e   f   g   h   i   j   k   l   m   n   o 
   +---+---+---+---+---+---+---+---+---+---+---+---+---+---+---+
 1 |   |   |   |   |   |   |   |   |   |   |   |   |   |   |   |
   +---+---+---+---+---+---+---+---+---+---+---+---+---+---+---+
 2 |   |   |   |   |   |   |   |   |   |   |   |   |   |   |   |
   +---+---+---+---+---+---+---+---+---+---+---+---+---+---+---+
 3 |   |   |   |   |   |   |   |   |   |   |   |   |   |   |   |
   +---+---+---+---+---+---+---+---+---+---+---+---+---+---+---+
 4 |   |   |   |   |   |   |   |   |   |   |   |   |   |   |   |
   +---+---+---+---+---+---+---+---+---+---+---+---+---+---+---+
 5 |   |   |   |   |   |   |   |   |   |   |   |   |   |   |   |
   +---+---+---+---+---+---+---+---+---+---+---+---+---+---+---+
 6 |   |   |   |   | D |   |   |   |   |   |   |   |   |   |   |
   +---+---+---+---+---+---+---+---+---+---+---+---+---+---+---+
 7 |   |   |   | D |   |   |   |   |   |   |   |   |   |   |   |
   +---+---+---+---+---+---+---+---+---+---+---+---+---+---+---+
 8 |   |   |   |   | L |   |   |   |   |   |   |   |   |   |   |
   +---+---+---+---+---+---+---+---+---+---+---+---+---+---+---+
 9 |   |   |   |   |   |   |   |   |   |   |   |   |   |   |   |
   +---+---+---+---+---+---+---+---+---+---+---+---+---+---+---+
10 |   |   |   |   |   |   |   |   |   |   |   |   |   |   |   |
   +---+---+---+---+---+---+---+---+---+---+---+---+---+---+---+
11 |   |   |   |   |   |   |   |   |   |   |   |   |   |   |   |
   +---+---+---+---+---+---+---+---+---+---+---+---+---+---+---+
12 |   |   |   |   |   |   |   |   |   |   |   |   |   |   |   |
   +---+---+---+---+---+---+---+---+---+---+---+---+---+---+---+
13 |   |   |   |   |   |   |   |   |   |   |   |   |   |   |   |
   +---+---+---+---+---+---+---+---+---+---+---+---+---+---+---+
14 |   |   |   |   |   |   |   |   |   |   |   |   |   |   |   |
   +---+---+---+---+---+---+---+---+---+---+---+---+---+---+---+
15 |   |   |   |   |   |   |   |   |   |   |   |   |   |   |   |
   +---+---+---+---+---+---+---+---+---+---+---+---+---+---+---+
Move played: e6
Light player (COM) plays now
Light player (COM) is calculating its next move... (this might take up to 30 seconds)
     a   b   c   d   e   f   g   h   i   j   k   l   m   n   o 
   +---+---+---+---+---+---+---+---+---+---+---+---+---+---+---+
 1 |   |   |   |   |   |   |   |   |   |   |   |   |   |   |   |
   +---+---+---+---+---+---+---+---+---+---+---+---+---+---+---+
 2 |   |   |   |   |   |   |   |   |   |   |   |   |   |   |   |
   +---+---+---+---+---+---+---+---+---+---+---+---+---+---+---+
 3 |   |   |   |   |   |   |   |   |   |   |   |   |   |   |   |
   +---+---+---+---+---+---+---+---+---+---+---+---+---+---+---+
 4 |   |   |   |   |   |   |   |   |   |   |   |   |   |   |   |
   +---+---+---+---+---+---+---+---+---+---+---+---+---+---+---+
 5 |   |   |   |   |   | L |   |   |   |   |   |   |   |   |   |
   +---+---+---+---+---+---+---+---+---+---+---+---+---+---+---+
 6 |   |   |   |   | D |   |   |   |   |   |   |   |   |   |   |
   +---+---+---+---+---+---+---+---+---+---+---+---+---+---+---+
 7 |   |   |   | D |   |   |   |   |   |   |   |   |   |   |   |
   +---+---+---+---+---+---+---+---+---+---+---+---+---+---+---+
 8 |   |   |   |   | L |   |   |   |   |   |   |   |   |   |   |
   +---+---+---+---+---+---+---+---+---+---+---+---+---+---+---+
 9 |   |   |   |   |   |   |   |   |   |   |   |   |   |   |   |
   +---+---+---+---+---+---+---+---+---+---+---+---+---+---+---+
10 |   |   |   |   |   |   |   |   |   |   |   |   |   |   |   |
   +---+---+---+---+---+---+---+---+---+---+---+---+---+---+---+
11 |   |   |   |   |   |   |   |   |   |   |   |   |   |   |   |
   +---+---+---+---+---+---+---+---+---+---+---+---+---+---+---+
12 |   |   |   |   |   |   |   |   |   |   |   |   |   |   |   |
   +---+---+---+---+---+---+---+---+---+---+---+---+---+---+---+
13 |   |   |   |   |   |   |   |   |   |   |   |   |   |   |   |
   +---+---+---+---+---+---+---+---+---+---+---+---+---+---+---+
14 |   |   |   |   |   |   |   |   |   |   |   |   |   |   |   |
   +---+---+---+---+---+---+---+---+---+---+---+---+---+---+---+
15 |   |   |   |   |   |   |   |   |   |   |   |   |   |   |   |
   +---+---+---+---+---+---+---+---+---+---+---+---+---+---+---+
Move played: f5
Dark player (human) plays now
>     a   b   c   d   e   f   g   h   i   j   k   l   m   n   o 
   +---+---+---+---+---+---+---+---+---+---+---+---+---+---+---+
 1 |   |   |   |   |   |   |   |   |   |   |   |   |   |   |   |
   +---+---+---+---+---+---+---+---+---+---+---+---+---+---+---+
 2 |   |   |   |   |   |   |   |   |   |   |   |   |   |   |   |
   +---+---+---+---+---+---+---+---+---+---+---+---+---+---+---+
 3 |   |   |   |   |   |   |   |   |   |   |   |   |   |   |   |
   +---+---+---+---+---+---+---+---+---+---+---+---+---+---+---+
 4 |   |   |   |   |   |   |   |   |   |   |   |   |   |   |   |
   +---+---+---+---+---+---+---+---+---+---+---+---+---+---+---+
 5 |   |   |   |   |   | L |   |   |   |   |   |   |   |   |   |
   +---+---+---+---+---+---+---+---+---+---+---+---+---+---+---+
 6 |   |   |   |   | D |   |   |   |   |   |   |   |   |   |   |
   +---+---+---+---+---+---+---+---+---+---+---+---+---+---+---+
 7 |   |   |   | D |   | D |   |   |   |   |   |   |   |   |   |
   +---+---+---+---+---+---+---+---+---+---+---+---+---+---+---+
 8 |   |   |   |   | L |   |   |   |   |   |   |   |   |   |   |
   +---+---+---+---+---+---+---+---+---+---+---+---+---+---+---+
 9 |   |   |   |   |   |   |   |   |   |   |   |   |   |   |   |
   +---+---+---+---+---+---+---+---+---+---+---+---+---+---+---+
10 |   |   |   |   |   |   |   |   |   |   |   |   |   |   |   |
   +---+---+---+---+---+---+---+---+---+---+---+---+---+---+---+
11 |   |   |   |   |   |   |   |   |   |   |   |   |   |   |   |
   +---+---+---+---+---+---+---+---+---+---+---+---+---+---+---+
12 |   |   |   |   |   |   |   |   |   |   |   |   |   |   |   |
   +---+---+---+---+---+---+---+---+---+---+---+---+---+---+---+
13 |   |   |   |   |   |   |   |   |   |   |   |   |   |   |   |
   +---+---+---+---+---+---+---+---+---+---+---+---+---+---+---+
14 |   |   |   |   |   |   |   |   |   |   |   |   |   |   |   |
   +---+---+---+---+---+---+---+---+---+---+---+---+---+---+---+
15 |   |   |   |   |   |   |   |   |   |   |   |   |   |   |   |
   +---+---+---+---+---+---+---+---+---+---+---+---+---+---+---+
Move played: f7
Light player (COM) plays now
Light player (COM) is calculating its next move... (this might take up to 30 seconds)
     a   b   c   d   e   f   g   h   i   j   k   l   m   n   o 
   +---+---+---+---+---+---+---+---+---+---+---+---+---+---+---+
 1 |   |   |   |   |   |   |   |   |   |   |   |   |   |   |   |
   +---+---+---+---+---+---+---+---+---+---+---+---+---+---+---+
 2 |   |   |   |   |   |   |   |   |   |   |   |   |   |   |   |
   +---+---+---+---+---+---+---+---+---+---+---+---+---+---+---+
 3 |   |   |   |   |   |   |   |   |   |   |   |   |   |   |   |
   +---+---+---+---+---+---+---+---+---+---+---+---+---+---+---+
 4 |   |   |   |   |   |   |   |   |   |   |   |   |   |   |   |
   +---+---+---+---+---+---+---+---+---+---+---+---+---+---+---+
 5 |   |   |   |   |   | L |   |   |   |   |   |   |   |   |   |
   +---+---+---+---+---+---+---+---+---+---+---+---+---+---+---+
 6 |   |   |   |   | D |   |   |   |   |   |   |   |   |   |   |
   +---+---+---+---+---+---+---+---+---+---+---+---+---+---+---+
 7 |   |   |   | D |   | D |   |   |   |   |   |   |   |   |   |
   +---+---+---+---+---+---+---+---+---+---+---+---+---+---+---+
 8 |   |   |   |   | L |   | L |   |   |   |   |   |   |   |   |
   +---+---+---+---+---+---+---+---+---+---+---+---+---+---+---+
 9 |   |   |   |   |   |   |   |   |   |   |   |   |   |   |   |
   +---+---+---+---+---+---+---+---+---+---+---+---+---+---+---+
10 |   |   |   |   |   |   |   |   |   |   |   |   |   |   |   |
   +---+---+---+---+---+---+---+---+---+---+---+---+---+---+---+
11 |   |   |   |   |   |   |   |   |   |   |   |   |   |   |   |
   +---+---+---+---+---+---+---+---+---+---+---+---+---+---+---+
12 |   |   |   |   |   |   |   |   |   |   |   |   |   |   |   |
   +---+---+---+---+---+---+---+---+---+---+---+---+---+---+---+
13 |   |   |   |   |   |   |   |   |   |   |   |   |   |   |   |
   +---+---+---+---+---+---+---+---+---+---+---+---+---+---+---+
14 |   |   |   |   |   |   |   |   |   |   |   |   |   |   |   |
   +---+---+---+---+---+---+---+---+---+---+---+---+---+---+---+
15 |   |   |   |   |   |   |   |   |   |   |   |   |   |   |   |
   +---+---+---+---+---+---+---+---+---+---+---+---+---+---+---+
Move played: g8
Dark player (human) plays now
>     a   b   c   d   e   f   g   h   i   j   k   l   m   n   o 
   +---+---+---+---+---+---+---+---+---+---+---+---+---+---+---+
 1 |   |   |   |   |   |   |   |   |   |   |   |   |   |   |   |
   +---+---+---+---+---+---+---+---+---+---+---+---+---+---+---+
 2 |   |   |   |   |   |   |   |   |   |   |   |   |   |   |   |
   +---+---+---+---+---+---+---+---+---+---+---+---+---+---+---+
 3 |   |   |   |   |   |   |   |   |   |   |   |   |   |   |   |
   +---+---+---+---+---+---+---+---+---+---+---+---+---+---+---+
 4 |   |   |   |   |   |   |   |   |   |   |   |   |   |   |   |
   +---+---+---+---+---+---+---+---+---+---+---+---+---+---+---+
 5 |   |   |   |   |   | L |   |   |   |   |   |   |   |   |   |
   +---+---+---+---+---+---+---+---+---+---+---+---+---+---+---+
 6 |   |   |   |   | D |   |   |   |   |   |   |   |   |   |   |
   +---+---+---+---+---+---+---+---+---+---+---+---+---+---+---+
 7 |   |   |   | D | D | D |   |   |   |   |   |   |   |   |   |
   +---+---+---+---+---+---+---+---+---+---+---+---+---+---+---+
 8 |   |   |   |   | L |   | L |   |   |   |   |   |   |   |   |
   +---+---+---+---+---+---+---+---+---+---+---+---+---+---+---+
 9 |   |   |   |   |   |   |   |   |   |   |   |   |   |   |   |
   +---+---+---+---+---+---+---+---+---+---+---+---+---+---+---+
10 |   |   |   |   |   |   |   |   |   |   |   |   |   |   |   |
   +---+---+---+---+---+---+---+---+---+---+---+---+---+---+---+
11 |   |   |   |   |   |   |   |   |   |   |   |   |   |   |   |
   +---+---+---+---+---+---+---+---+---+---+---+---+---+---+---+
12 |   |   |   |   |   |   |   |   |   |   |   |   |   |   |   |
   +---+---+---+---+---+---+---+---+---+---+---+---+---+---+---+
13 |   |   |   |   |   |   |   |   |   |   |   |   |   |   |   |
   +---+---+---+---+---+---+---+---+---+---+---+---+---+---+---+
14 |   |   |   |   |   |   |   |   |   |   |   |   |   |   |   |
   +---+---+---+---+---+---+---+---+---+---+---+---+---+---+---+
15 |   |   |   |   |   |   |   |   |   |   |   |   |   |   |   |
   +---+---+---+---+---+---+---+---+---+---+---+---+---+---+---+
Move played: e7
Light player (COM) plays now
Light player (COM) is calculating its next move... (this might take up to 30 seconds)
     a   b   c   d   e   f   g   h   i   j   k   l   m   n   o 
   +---+---+---+---+---+---+---+---+---+---+---+---+---+---+---+
 1 |   |   |   |   |   |   |   |   |   |   |   |   |   |   |   |
   +---+---+---+---+---+---+---+---+---+---+---+---+---+---+---+
 2 |   |   |   |   |   |   |   |   |   |   |   |   |   |   |   |
   +---+---+---+---+---+---+---+---+---+---+---+---+---+---+---+
 3 |   |   |   |   |   |   |   |   |   |   |   |   |   |   |   |
   +---+---+---+---+---+---+---+---+---+---+---+---+---+---+---+
 4 |   |   |   |   |   |   |   |   |   |   |   |   |   |   |   |
   +---+---+---+---+---+---+---+---+---+---+---+---+---+---+---+
 5 |   |   |   |   |   | L |   |   |   |   |   |   |   |   |   |
   +---+---+---+---+---+---+---+---+---+---+---+---+---+---+---+
 6 |   |   |   |   | D |   |   |   |   |   |   |   |   |   |   |
   +---+---+---+---+---+---+---+---+---+---+---+---+---+---+---+
 7 |   |   |   | D | D | D | L |   |   |   |   |   |   |   |   |
   +---+---+---+---+---+---+---+---+---+---+---+---+---+---+---+
 8 |   |   |   |   | L |   | L |   |   |   |   |   |   |   |   |
   +---+---+---+---+---+---+---+---+---+---+---+---+---+---+---+
 9 |   |   |   |   |   |   |   |   |   |   |   |   |   |   |   |
   +---+---+---+---+---+---+---+---+---+---+---+---+---+---+---+
10 |   |   |   |   |   |   |   |   |   |   |   |   |   |   |   |
   +---+---+---+---+---+---+---+---+---+---+---+---+---+---+---+
11 |   |   |   |   |   |   |   |   |   |   |   |   |   |   |   |
   +---+---+---+---+---+---+---+---+---+---+---+---+---+---+---+
12 |   |   |   |   |   |   |   |   |   |   |   |   |   |   |   |
   +---+---+---+---+---+---+---+---+---+---+---+---+---+---+---+
13 |   |   |   |   |   |   |   |   |   |   |   |   |   |   |   |
   +---+---+---+---+---+---+---+---+---+---+---+---+---+---+---+
14 |   |   |   |   |   |   |   |   |   |   |   |   |   |   |   |
   +---+---+---+---+---+---+---+---+---+---+---+---+---+---+---+
15 |   |   |   |   |   |   |   |   |   |   |   |   |   |   |   |
   +---+---+---+---+---+---+---+---+---+---+---+---+---+---+---+
Move played: g7
Dark player (human) plays now
>     a   b   c   d   e   f   g   h   i   j   k   l   m   n   o 
   +---+---+---+---+---+---+---+---+---+---+---+---+---+---+---+
 1 |   |   |   |   |   |   |   |   |   |   |   |   |   |   |   |
   +---+---+---+---+---+---+---+---+---+---+---+---+---+---+---+
 2 |   |   |   |   |   |   |   |   |   |   |   |   |   |   |   |
   +---+---+---+---+---+---+---+---+---+---+---+---+---+---+---+
 3 |   |   |   |   |   |   |   |   |   |   |   |   |   |   |   |
   +---+---+---+---+---+---+---+---+---+---+---+---+---+---+---+
 4 |   |   |   |   |   |   |   |   |   |   |   |   |   |   |   |
   +---+---+---+---+---+---+---+---+---+---+---+---+---+---+---+
 5 |   |   |   |   |   | L |   |   |   |   |   |   |   |   |   |
   +---+---+---+---+---+---+---+---+---+---+---+---+---+---+---+
 6 |   |   |   |   | D |   |   |   |   |   |   |   |   |   |   |
   +---+---+---+---+---+---+---+---+---+---+---+---+---+---+---+
 7 |   |   |   | D | D | D | L |   |   |   |   |   |   |   |   |
   +---+---+---+---+---+---+---+---+---+---+---+---+---+---+---+
 8 |   |   |   | D | L |   | L |   |   |   |   |   |   |   |   |
   +---+---+---+---+---+---+---+---+---+---+---+---+---+---+---+
 9 |   |   |   |   |   |   |   |   |   |   |   |   |   |   |   |
   +---+---+---+---+---+---+---+---+---+---+---+---+---+---+---+
10 |   |   |   |   |   |   |   |   |   |   |   |   |   |   |   |
   +---+---+---+---+---+---+---+---+---+---+---+---+---+---+---+
11 |   |   |   |   |   |   |   |   |   |   |   |   |   |   |   |
   +---+---+---+---+---+---+---+---+---+---+---+---+---+---+---+
12 |   |   |   |   |   |   |   |   |   |   |   |   |   |   |   |
   +---+---+---+---+---+---+---+---+---+---+---+---+---+---+---+
13 |   |   |   |   |   |   |   |   |   |   |   |   |   |   |   |
   +---+---+---+---+---+---+---+---+---+---+---+---+---+---+---+
14 |   |   |   |   |   |   |   |   |   |   |   |   |   |   |   |
   +---+---+---+---+---+---+---+---+---+---+---+---+---+---+---+
15 |   |   |   |   |   |   |   |   |   |   |   |   |   |   |   |
   +---+---+---+---+---+---+---+---+---+---+---+---+---+---+---+
Move played: d8
Light player (COM) plays now
Light player (COM) is calculating its next move... (this might take up to 30 seconds)
     a   b   c   d   e   f   g   h   i   j   k   l   m   n   o 
   +---+---+---+---+---+---+---+---+---+---+---+---+---+---+---+
 1 |   |   |   |   |   |   |   |   |   |   |   |   |   |   |   |
   +---+---+---+---+---+---+---+---+---+---+---+---+---+---+---+
 2 |   |   |   |   |   |   |   |   |   |   |   |   |   |   |   |
   +---+---+---+---+---+---+---+---+---+---+---+---+---+---+---+
 3 |   |   |   |   |   |   |   |   |   |   |   |   |   |   |   |
   +---+---+---+---+---+---+---+---+---+---+---+---+---+---+---+
 4 |   |   |   |   |   |   |   |   |   |   |   |   |   |   |   |
   +---+---+---+---+---+---+---+---+---+---+---+---+---+---+---+
 5 |   |   |   |   |   | L |   |   |   |   |   |   |   |   |   |
   +---+---+---+---+---+---+---+---+---+---+---+---+---+---+---+
 6 |   |   |   |   | D | L |   |   |   |   |   |   |   |   |   |
   +---+---+---+---+---+---+---+---+---+---+---+---+---+---+---+
 7 |   |   |   | D | D | D | L |   |   |   |   |   |   |   |   |
   +---+---+---+---+---+---+---+---+---+---+---+---+---+---+---+
 8 |   |   |   | D | L |   | L |   |   |   |   |   |   |   |   |
   +---+---+---+---+---+---+---+---+---+---+---+---+---+---+---+
 9 |   |   |   |   |   |   |   |   |   |   |   |   |   |   |   |
   +---+---+---+---+---+---+---+---+---+---+---+---+---+---+---+
10 |   |   |   |   |   |   |   |   |   |   |   |   |   |   |   |
   +---+---+---+---+---+---+---+---+---+---+---+---+---+---+---+
11 |   |   |   |   |   |   |   |   |   |   |   |   |   |   |   |
   +---+---+---+---+---+---+---+---+---+---+---+---+---+---+---+
12 |   |   |   |   |   |   |   |   |   |   |   |   |   |   |   |
   +---+---+---+---+---+---+---+---+---+---+---+---+---+---+---+
13 |   |   |   |   |   |   |   |   |   |   |   |   |   |   |   |
   +---+---+---+---+---+---+---+---+---+---+---+---+---+---+---+
14 |   |   |   |   |   |   |   |   |   |   |   |   |   |   |   |
   +---+---+---+---+---+---+---+---+---+---+---+---+---+---+---+
15 |   |   |   |   |   |   |   |   |   |   |   |   |   |   |   |
   +---+---+---+---+---+---+---+---+---+---+---+---+---+---+---+
Move played: f6
Dark player (human) plays now
>     a   b   c   d   e   f   g   h   i   j   k   l   m   n   o 
   +---+---+---+---+---+---+---+---+---+---+---+---+---+---+---+
 1 |   |   |   |   |   |   |   |   |   |   |   |   |   |   |   |
   +---+---+---+---+---+---+---+---+---+---+---+---+---+---+---+
 2 |   |   |   |   |   |   |   |   |   |   |   |   |   |   |   |
   +---+---+---+---+---+---+---+---+---+---+---+---+---+---+---+
 3 |   |   |   |   |   |   |   |   |   |   |   |   |   |   |   |
   +---+---+---+---+---+---+---+---+---+---+---+---+---+---+---+
 4 |   |   |   |   |   |   |   |   |   |   |   |   |   |   |   |
   +---+---+---+---+---+---+---+---+---+---+---+---+---+---+---+
 5 |   |   |   |   |   | L |   |   |   |   |   |   |   |   |   |
   +---+---+---+---+---+---+---+---+---+---+---+---+---+---+---+
 6 |   |   |   | D | D | L |   |   |   |   |   |   |   |   |   |
   +---+---+---+---+---+---+---+---+---+---+---+---+---+---+---+
 7 |   |   |   | D | D | D | L |   |   |   |   |   |   |   |   |
   +---+---+---+---+---+---+---+---+---+---+---+---+---+---+---+
 8 |   |   |   | D | L |   | L |   |   |   |   |   |   |   |   |
   +---+---+---+---+---+---+---+---+---+---+---+---+---+---+---+
 9 |   |   |   |   |   |   |   |   |   |   |   |   |   |   |   |
   +---+---+---+---+---+---+---+---+---+---+---+---+---+---+---+
10 |   |   |   |   |   |   |   |   |   |   |   |   |   |   |   |
   +---+---+---+---+---+---+---+---+---+---+---+---+---+---+---+
11 |   |   |   |   |   |   |   |   |   |   |   |   |   |   |   |
   +---+---+---+---+---+---+---+---+---+---+---+---+---+---+---+
12 |   |   |   |   |   |   |   |   |   |   |   |   |   |   |   |
   +---+---+---+---+---+---+---+---+---+---+---+---+---+---+---+
13 |   |   |   |   |   |   |   |   |   |   |   |   |   |   |   |
   +---+---+---+---+---+---+---+---+---+---+---+---+---+---+---+
14 |   |   |   |   |   |   |   |   |   |   |   |   |   |   |   |
   +---+---+---+---+---+---+---+---+---+---+---+---+---+---+---+
15 |   |   |   |   |   |   |   |   |   |   |   |   |   |   |   |
   +---+---+---+---+---+---+---+---+---+---+---+---+---+---+---+
Move played: d6
Light player (COM) plays now
Light player (COM) is calculating its next move... (this might take up to 30 seconds)
     a   b   c   d   e   f   g   h   i   j   k   l   m   n   o 
   +---+---+---+---+---+---+---+---+---+---+---+---+---+---+---+
 1 |   |   |   |   |   |   |   |   |   |   |   |   |   |   |   |
   +---+---+---+---+---+---+---+---+---+---+---+---+---+---+---+
 2 |   |   |   |   |   |   |   |   |   |   |   |   |   |   |   |
   +---+---+---+---+---+---+---+---+---+---+---+---+---+---+---+
 3 |   |   |   |   |   |   |   |   |   |   |   |   |   |   |   |
   +---+---+---+---+---+---+---+---+---+---+---+---+---+---+---+
 4 |   |   |   |   |   |   |   |   |   |   |   |   |   |   |   |
   +---+---+---+---+---+---+---+---+---+---+---+---+---+---+---+
 5 |   |   |   | L |   | L |   |   |   |   |   |   |   |   |   |
   +---+---+---+---+---+---+---+---+---+---+---+---+---+---+---+
 6 |   |   |   | D | D | L |   |   |   |   |   |   |   |   |   |
   +---+---+---+---+---+---+---+---+---+---+---+---+---+---+---+
 7 |   |   |   | D | D | D | L |   |   |   |   |   |   |   |   |
   +---+---+---+---+---+---+---+---+---+---+---+---+---+---+---+
 8 |   |   |   | D | L |   | L |   |   |   |   |   |   |   |   |
   +---+---+---+---+---+---+---+---+---+---+---+---+---+---+---+
 9 |   |   |   |   |   |   |   |   |   |   |   |   |   |   |   |
   +---+---+---+---+---+---+---+---+---+---+---+---+---+---+---+
10 |   |   |   |   |   |   |   |   |   |   |   |   |   |   |   |
   +---+---+---+---+---+---+---+---+---+---+---+---+---+---+---+
11 |   |   |   |   |   |   |   |   |   |   |   |   |   |   |   |
   +---+---+---+---+---+---+---+---+---+---+---+---+---+---+---+
12 |   |   |   |   |   |   |   |   |   |   |   |   |   |   |   |
   +---+---+---+---+---+---+---+---+---+---+---+---+---+---+---+
13 |   |   |   |   |   |   |   |   |   |   |   |   |   |   |   |
   +---+---+---+---+---+---+---+---+---+---+---+---+---+---+---+
14 |   |   |   |   |   |   |   |   |   |   |   |   |   |   |   |
   +---+---+---+---+---+---+---+---+---+---+---+---+---+---+---+
15 |   |   |   |   |   |   |   |   |   |   |   |   |   |   |   |
   +---+---+---+---+---+---+---+---+---+---+---+---+---+---+---+
Move played: d5
Dark player (human) plays now
>     a   b   c   d   e   f   g   h   i   j   k   l   m   n   o 
   +---+---+---+---+---+---+---+---+---+---+---+---+---+---+---+
 1 |   |   |   |   |   |   |   |   |   |   |   |   |   |   |   |
   +---+---+---+---+---+---+---+---+---+---+---+---+---+---+---+
 2 |   |   |   |   |   |   |   |   |   |   |   |   |   |   |   |
   +---+---+---+---+---+---+---+---+---+---+---+---+---+---+---+
 3 |   |   |   |   |   |   |   |   |   |   |   |   |   |   |   |
   +---+---+---+---+---+---+---+---+---+---+---+---+---+---+---+
 4 |   |   |   |   |   |   |   |   |   |   |   |   |   |   |   |
   +---+---+---+---+---+---+---+---+---+---+---+---+---+---+---+
 5 |   |   |   | L | D | L |   |   |   |   |   |   |   |   |   |
   +---+---+---+---+---+---+---+---+---+---+---+---+---+---+---+
 6 |   |   |   | D | D | L |   |   |   |   |   |   |   |   |   |
   +---+---+---+---+---+---+---+---+---+---+---+---+---+---+---+
 7 |   |   |   | D | D | D | L |   |   |   |   |   |   |   |   |
   +---+---+---+---+---+---+---+---+---+---+---+---+---+---+---+
 8 |   |   |   | D | L |   | L |   |   |   |   |   |   |   |   |
   +---+---+---+---+---+---+---+---+---+---+---+---+---+---+---+
 9 |   |   |   |   |   |   |   |   |   |   |   |   |   |   |   |
   +---+---+---+---+---+---+---+---+---+---+---+---+---+---+---+
10 |   |   |   |   |   |   |   |   |   |   |   |   |   |   |   |
   +---+---+---+---+---+---+---+---+---+---+---+---+---+---+---+
11 |   |   |   |   |   |   |   |   |   |   |   |   |   |   |   |
   +---+---+---+---+---+---+---+---+---+---+---+---+---+---+---+
12 |   |   |   |   |   |   |   |   |   |   |   |   |   |   |   |
   +---+---+---+---+---+---+---+---+---+---+---+---+---+---+---+
13 |   |   |   |   |   |   |   |   |   |   |   |   |   |   |   |
   +---+---+---+---+---+---+---+---+---+---+---+---+---+---+---+
14 |   |   |   |   |   |   |   |   |   |   |   |   |   |   |   |
   +---+---+---+---+---+---+---+---+---+---+---+---+---+---+---+
15 |   |   |   |   |   |   |   |   |   |   |   |   |   |   |   |
   +---+---+---+---+---+---+---+---+---+---+---+---+---+---+---+
Move played: e5
Light player (COM) plays now
Light player (COM) is calculating its next move... (this might take up to 30 seconds)
     a   b   c   d   e   f   g   h   i   j   k   l   m   n   o 
   +---+---+---+---+---+---+---+---+---+---+---+---+---+---+---+
 1 |   |   |   |   |   |   |   |   |   |   |   |   |   |   |   |
   +---+---+---+---+---+---+---+---+---+---+---+---+---+---+---+
 2 |   |   |   |   |   |   |   |   |   |   |   |   |   |   |   |
   +---+---+---+---+---+---+---+---+---+---+---+---+---+---+---+
 3 |   |   |   |   |   |   |   |   |   |   |   |   |   |   |   |
   +---+---+---+---+---+---+---+---+---+---+---+---+---+---+---+
 4 |   |   |   |   |   |   |   |   |   |   |   |   |   |   |   |
   +---+---+---+---+---+---+---+---+---+---+---+---+---+---+---+
 5 |   |   |   | L | D | L |   |   |   |   |   |   |   |   |   |
   +---+---+---+---+---+---+---+---+---+---+---+---+---+---+---+
 6 |   |   |   | D | D | L |   |   |   |   |   |   |   |   |   |
   +---+---+---+---+---+---+---+---+---+---+---+---+---+---+---+
 7 |   |   | L | D | D | D | L |   |   |   |   |   |   |   |   |
   +---+---+---+---+---+---+---+---+---+---+---+---+---+---+---+
 8 |   |   |   | D | L |   | L |   |   |   |   |   |   |   |   |
   +---+---+---+---+---+---+---+---+---+---+---+---+---+---+---+
 9 |   |   |   |   |   |   |   |   |   |   |   |   |   |   |   |
   +---+---+---+---+---+---+---+---+---+---+---+---+---+---+---+
10 |   |   |   |   |   |   |   |   |   |   |   |   |   |   |   |
   +---+---+---+---+---+---+---+---+---+---+---+---+---+---+---+
11 |   |   |   |   |   |   |   |   |   |   |   |   |   |   |   |
   +---+---+---+---+---+---+---+---+---+---+---+---+---+---+---+
12 |   |   |   |   |   |   |   |   |   |   |   |   |   |   |   |
   +---+---+---+---+---+---+---+---+---+---+---+---+---+---+---+
13 |   |   |   |   |   |   |   |   |   |   |   |   |   |   |   |
   +---+---+---+---+---+---+---+---+---+---+---+---+---+---+---+
14 |   |   |   |   |   |   |   |   |   |   |   |   |   |   |   |
   +---+---+---+---+---+---+---+---+---+---+---+---+---+---+---+
15 |   |   |   |   |   |   |   |   |   |   |   |   |   |   |   |
   +---+---+---+---+---+---+---+---+---+---+---+---+---+---+---+
Move played: c7
Dark player (human) plays now
>     a   b   c   d   e   f   g   h   i   j   k   l   m   n   o 
   +---+---+---+---+---+---+---+---+---+---+---+---+---+---+---+
 1 |   |   |   |   |   |   |   |   |   |   |   |   |   |   |   |
   +---+---+---+---+---+---+---+---+---+---+---+---+---+---+---+
 2 |   |   |   |   |   |   |   |   |   |   |   |   |   |   |   |
   +---+---+---+---+---+---+---+---+---+---+---+---+---+---+---+
 3 |   |   |   |   |   |   |   |   |   |   |   |   |   |   |   |
   +---+---+---+---+---+---+---+---+---+---+---+---+---+---+---+
 4 |   |   |   |   | D |   |   |   |   |   |   |   |   |   |   |
   +---+---+---+---+---+---+---+---+---+---+---+---+---+---+---+
 5 |   |   |   | L | D | L |   |   |   |   |   |   |   |   |   |
   +---+---+---+---+---+---+---+---+---+---+---+---+---+---+---+
 6 |   |   |   | D | D | L |   |   |   |   |   |   |   |   |   |
   +---+---+---+---+---+---+---+---+---+---+---+---+---+---+---+
 7 |   |   | L | D | D | D | L |   |   |   |   |   |   |   |   |
   +---+---+---+---+---+---+---+---+---+---+---+---+---+---+---+
 8 |   |   |   | D | L |   | L |   |   |   |   |   |   |   |   |
   +---+---+---+---+---+---+---+---+---+---+---+---+---+---+---+
 9 |   |   |   |   |   |   |   |   |   |   |   |   |   |   |   |
   +---+---+---+---+---+---+---+---+---+---+---+---+---+---+---+
10 |   |   |   |   |   |   |   |   |   |   |   |   |   |   |   |
   +---+---+---+---+---+---+---+---+---+---+---+---+---+---+---+
11 |   |   |   |   |   |   |   |   |   |   |   |   |   |   |   |
   +---+---+---+---+---+---+---+---+---+---+---+---+---+---+---+
12 |   |   |   |   |   |   |   |   |   |   |   |   |   |   |   |
   +---+---+---+---+---+---+---+---+---+---+---+---+---+---+---+
13 |   |   |   |   |   |   |   |   |   |   |   |   |   |   |   |
   +---+---+---+---+---+---+---+---+---+---+---+---+---+---+---+
14 |   |   |   |   |   |   |   |   |   |   |   |   |   |   |   |
   +---+---+---+---+---+---+---+---+---+---+---+---+---+---+---+
15 |   |   |   |   |   |   |   |   |   |   |   |   |   |   |   |
   +---+---+---+---+---+---+---+---+---+---+---+---+---+---+---+
Move played: e4
Light player (COM) plays now
Light player (COM) is calculating its next move... (this might take up to 30 seconds)
     a   b   c   d   e   f   g   h   i   j   k   l   m   n   o 
   +---+---+---+---+---+---+---+---+---+---+---+---+---+---+---+
 1 |   |   |   |   |   |   |   |   |   |   |   |   |   |   |   |
   +---+---+---+---+---+---+---+---+---+---+---+---+---+---+---+
 2 |   |   |   |   |   |   |   |   |   |   |   |   |   |   |   |
   +---+---+---+---+---+---+---+---+---+---+---+---+---+---+---+
 3 |   |   |   |   | L |   |   |   |   |   |   |   |   |   |   |
   +---+---+---+---+---+---+---+---+---+---+---+---+---+---+---+
 4 |   |   |   |   | D |   |   |   |   |   |   |   |   |   |   |
   +---+---+---+---+---+---+---+---+---+---+---+---+---+---+---+
 5 |   |   |   | L | D | L |   |   |   |   |   |   |   |   |   |
   +---+---+---+---+---+---+---+---+---+---+---+---+---+---+---+
 6 |   |   |   | D | D | L |   |   |   |   |   |   |   |   |   |
   +---+---+---+---+---+---+---+---+---+---+---+---+---+---+---+
 7 |   |   | L | D | D | D | L |   |   |   |   |   |   |   |   |
   +---+---+---+---+---+---+---+---+---+---+---+---+---+---+---+
 8 |   |   |   | D | L |   | L |   |   |   |   |   |   |   |   |
   +---+---+---+---+---+---+---+---+---+---+---+---+---+---+---+
 9 |   |   |   |   |   |   |   |   |   |   |   |   |   |   |   |
   +---+---+---+---+---+---+---+---+---+---+---+---+---+---+---+
10 |   |   |   |   |   |   |   |   |   |   |   |   |   |   |   |
   +---+---+---+---+---+---+---+---+---+---+---+---+---+---+---+
11 |   |   |   |   |   |   |   |   |   |   |   |   |   |   |   |
   +---+---+---+---+---+---+---+---+---+---+---+---+---+---+---+
12 |   |   |   |   |   |   |   |   |   |   |   |   |   |   |   |
   +---+---+---+---+---+---+---+---+---+---+---+---+---+---+---+
13 |   |   |   |   |   |   |   |   |   |   |   |   |   |   |   |
   +---+---+---+---+---+---+---+---+---+---+---+---+---+---+---+
14 |   |   |   |   |   |   |   |   |   |   |   |   |   |   |   |
   +---+---+---+---+---+---+---+---+---+---+---+---+---+---+---+
15 |   |   |   |   |   |   |   |   |   |   |   |   |   |   |   |
   +---+---+---+---+---+---+---+---+---+---+---+---+---+---+---+
Move played: e3
Dark player (human) plays now
>     a   b   c   d   e   f   g   h   i   j   k   l   m   n   o 
   +---+---+---+---+---+---+---+---+---+---+---+---+---+---+---+
 1 |   |   |   |   |   |   |   |   |   |   |   |   |   |   |   |
   +---+---+---+---+---+---+---+---+---+---+---+---+---+---+---+
 2 |   |   |   |   |   |   |   |   |   |   |   |   |   |   |   |
   +---+---+---+---+---+---+---+---+---+---+---+---+---+---+---+
 3 |   |   |   |   | L |   |   |   |   |   |   |   |   |   |   |
   +---+---+---+---+---+---+---+---+---+---+---+---+---+---+---+
 4 |   |   |   |   | D |   |   |   |   |   |   |   |   |   |   |
   +---+---+---+---+---+---+---+---+---+---+---+---+---+---+---+
 5 |   |   |   | L | D | L |   |   |   |   |   |   |   |   |   |
   +---+---+---+---+---+---+---+---+---+---+---+---+---+---+---+
 6 |   |   |   | D | D | L |   |   |   |   |   |   |   |   |   |
   +---+---+---+---+---+---+---+---+---+---+---+---+---+---+---+
 7 |   |   | L | D | D | D | L |   |   |   |   |   |   |   |   |
   +---+---+---+---+---+---+---+---+---+---+---+---+---+---+---+
 8 |   |   |   | D | L | D | L |   |   |   |   |   |   |   |   |
   +---+---+---+---+---+---+---+---+---+---+---+---+---+---+---+
 9 |   |   |   |   |   |   |   |   |   |   |   |   |   |   |   |
   +---+---+---+---+---+---+---+---+---+---+---+---+---+---+---+
10 |   |   |   |   |   |   |   |   |   |   |   |   |   |   |   |
   +---+---+---+---+---+---+---+---+---+---+---+---+---+---+---+
11 |   |   |   |   |   |   |   |   |   |   |   |   |   |   |   |
   +---+---+---+---+---+---+---+---+---+---+---+---+---+---+---+
12 |   |   |   |   |   |   |   |   |   |   |   |   |   |   |   |
   +---+---+---+---+---+---+---+---+---+---+---+---+---+---+---+
13 |   |   |   |   |   |   |   |   |   |   |   |   |   |   |   |
   +---+---+---+---+---+---+---+---+---+---+---+---+---+---+---+
14 |   |   |   |   |   |   |   |   |   |   |   |   |   |   |   |
   +---+---+---+---+---+---+---+---+---+---+---+---+---+---+---+
15 |   |   |   |   |   |   |   |   |   |   |   |   |   |   |   |
   +---+---+---+---+---+---+---+---+---+---+---+---+---+---+---+
Move played: f8
Light player (COM) plays now
Light player (COM) is calculating its next move... (this might take up to 30 seconds)
     a   b   c   d   e   f   g   h   i   j   k   l   m   n   o 
   +---+---+---+---+---+---+---+---+---+---+---+---+---+---+---+
 1 |   |   |   |   |   |   |   |   |   |   |   |   |   |   |   |
   +---+---+---+---+---+---+---+---+---+---+---+---+---+---+---+
 2 |   |   |   |   |   |   |   |   |   |   |   |   |   |   |   |
   +---+---+---+---+---+---+---+---+---+---+---+---+---+---+---+
 3 |   |   |   |   | L |   |   |   |   |   |   |   |   |   |   |
   +---+---+---+---+---+---+---+---+---+---+---+---+---+---+---+
 4 |   |   |   |   | D |   |   |   |   |   |   |   |   |   |   |
   +---+---+---+---+---+---+---+---+---+---+---+---+---+---+---+
 5 |   |   |   | L | D | L |   |   |   |   |   |   |   |   |   |
   +---+---+---+---+---+---+---+---+---+---+---+---+---+---+---+
 6 |   |   |   | D | D | L |   |   |   |   |   |   |   |   |   |
   +---+---+---+---+---+---+---+---+---+---+---+---+---+---+---+
 7 |   |   | L | D | D | D | L |   |   |   |   |   |   |   |   |
   +---+---+---+---+---+---+---+---+---+---+---+---+---+---+---+
 8 |   |   |   | D | L | D | L |   |   |   |   |   |   |   |   |
   +---+---+---+---+---+---+---+---+---+---+---+---+---+---+---+
 9 |   |   |   |   |   |   | L |   |   |   |   |   |   |   |   |
   +---+---+---+---+---+---+---+---+---+---+---+---+---+---+---+
10 |   |   |   |   |   |   |   |   |   |   |   |   |   |   |   |
   +---+---+---+---+---+---+---+---+---+---+---+---+---+---+---+
11 |   |   |   |   |   |   |   |   |   |   |   |   |   |   |   |
   +---+---+---+---+---+---+---+---+---+---+---+---+---+---+---+
12 |   |   |   |   |   |   |   |   |   |   |   |   |   |   |   |
   +---+---+---+---+---+---+---+---+---+---+---+---+---+---+---+
13 |   |   |   |   |   |   |   |   |   |   |   |   |   |   |   |
   +---+---+---+---+---+---+---+---+---+---+---+---+---+---+---+
14 |   |   |   |   |   |   |   |   |   |   |   |   |   |   |   |
   +---+---+---+---+---+---+---+---+---+---+---+---+---+---+---+
15 |   |   |   |   |   |   |   |   |   |   |   |   |   |   |   |
   +---+---+---+---+---+---+---+---+---+---+---+---+---+---+---+
Move played: g9
Dark player (human) plays now
>     a   b   c   d   e   f   g   h   i   j   k   l   m   n   o 
   +---+---+---+---+---+---+---+---+---+---+---+---+---+---+---+
 1 |   |   |   |   |   |   |   |   |   |   |   |   |   |   |   |
   +---+---+---+---+---+---+---+---+---+---+---+---+---+---+---+
 2 |   |   |   |   |   |   |   |   |   |   |   |   |   |   |   |
   +---+---+---+---+---+---+---+---+---+---+---+---+---+---+---+
 3 |   |   |   |   | L |   |   |   |   |   |   |   |   |   |   |
   +---+---+---+---+---+---+---+---+---+---+---+---+---+---+---+
 4 |   |   |   |   | D |   |   |   |   |   |   |   |   |   |   |
   +---+---+---+---+---+---+---+---+---+---+---+---+---+---+---+
 5 |   |   |   | L | D | L |   |   |   |   |   |   |   |   |   |
   +---+---+---+---+---+---+---+---+---+---+---+---+---+---+---+
 6 |   |   |   | D | D | L | D |   |   |   |   |   |   |   |   |
   +---+---+---+---+---+---+---+---+---+---+---+---+---+---+---+
 7 |   |   | L | D | D | D | L |   |   |   |   |   |   |   |   |
   +---+---+---+---+---+---+---+---+---+---+---+---+---+---+---+
 8 |   |   |   | D | L | D | L |   |   |   |   |   |   |   |   |
   +---+---+---+---+---+---+---+---+---+---+---+---+---+---+---+
 9 |   |   |   |   |   |   | L |   |   |   |   |   |   |   |   |
   +---+---+---+---+---+---+---+---+---+---+---+---+---+---+---+
10 |   |   |   |   |   |   |   |   |   |   |   |   |   |   |   |
   +---+---+---+---+---+---+---+---+---+---+---+---+---+---+---+
11 |   |   |   |   |   |   |   |   |   |   |   |   |   |   |   |
   +---+---+---+---+---+---+---+---+---+---+---+---+---+---+---+
12 |   |   |   |   |   |   |   |   |   |   |   |   |   |   |   |
   +---+---+---+---+---+---+---+---+---+---+---+---+---+---+---+
13 |   |   |   |   |   |   |   |   |   |   |   |   |   |   |   |
   +---+---+---+---+---+---+---+---+---+---+---+---+---+---+---+
14 |   |   |   |   |   |   |   |   |   |   |   |   |   |   |   |
   +---+---+---+---+---+---+---+---+---+---+---+---+---+---+---+
15 |   |   |   |   |   |   |   |   |   |   |   |   |   |   |   |
   +---+---+---+---+---+---+---+---+---+---+---+---+---+---+---+
Move played: g6
Light player (COM) plays now
Light player (COM) is calculating its next move... (this might take up to 30 seconds)
     a   b   c   d   e   f   g   h   i   j   k   l   m   n   o 
   +---+---+---+---+---+---+---+---+---+---+---+---+---+---+---+
 1 |   |   |   |   |   |   |   |   |   |   |   |   |   |   |   |
   +---+---+---+---+---+---+---+---+---+---+---+---+---+---+---+
 2 |   |   |   |   |   |   |   |   |   |   |   |   |   |   |   |
   +---+---+---+---+---+---+---+---+---+---+---+---+---+---+---+
 3 |   |   |   |   | L |   |   |   |   |   |   |   |   |   |   |
   +---+---+---+---+---+---+---+---+---+---+---+---+---+---+---+
 4 |   |   |   |   | D |   |   |   |   |   |   |   |   |   |   |
   +---+---+---+---+---+---+---+---+---+---+---+---+---+---+---+
 5 |   |   |   | L | D | L |   |   |   |   |   |   |   |   |   |
   +---+---+---+---+---+---+---+---+---+---+---+---+---+---+---+
 6 |   |   |   | D | D | L | D |   |   |   |   |   |   |   |   |
   +---+---+---+---+---+---+---+---+---+---+---+---+---+---+---+
 7 |   |   | L | D | D | D | L |   |   |   |   |   |   |   |   |
   +---+---+---+---+---+---+---+---+---+---+---+---+---+---+---+
 8 |   |   |   | D | L | D | L |   |   |   |   |   |   |   |   |
   +---+---+---+---+---+---+---+---+---+---+---+---+---+---+---+
 9 |   |   |   | L |   |   | L |   |   |   |   |   |   |   |   |
   +---+---+---+---+---+---+---+---+---+---+---+---+---+---+---+
10 |   |   |   |   |   |   |   |   |   |   |   |   |   |   |   |
   +---+---+---+---+---+---+---+---+---+---+---+---+---+---+---+
11 |   |   |   |   |   |   |   |   |   |   |   |   |   |   |   |
   +---+---+---+---+---+---+---+---+---+---+---+---+---+---+---+
12 |   |   |   |   |   |   |   |   |   |   |   |   |   |   |   |
   +---+---+---+---+---+---+---+---+---+---+---+---+---+---+---+
13 |   |   |   |   |   |   |   |   |   |   |   |   |   |   |   |
   +---+---+---+---+---+---+---+---+---+---+---+---+---+---+---+
14 |   |   |   |   |   |   |   |   |   |   |   |   |   |   |   |
   +---+---+---+---+---+---+---+---+---+---+---+---+---+---+---+
15 |   |   |   |   |   |   |   |   |   |   |   |   |   |   |   |
   +---+---+---+---+---+---+---+---+---+---+---+---+---+---+---+
Move played: d9
Dark player (human) plays now
>     a   b   c   d   e   f   g   h   i   j   k   l   m   n   o 
   +---+---+---+---+---+---+---+---+---+---+---+---+---+---+---+
 1 |   |   |   |   |   |   |   |   |   |   |   |   |   |   |   |
   +---+---+---+---+---+---+---+---+---+---+---+---+---+---+---+
 2 |   |   |   |   |   |   |   |   |   |   |   |   |   |   |   |
   +---+---+---+---+---+---+---+---+---+---+---+---+---+---+---+
 3 |   |   |   |   | L |   |   |   |   |   |   |   |   |   |   |
   +---+---+---+---+---+---+---+---+---+---+---+---+---+---+---+
 4 |   |   |   |   | D |   |   |   |   |   |   |   |   |   |   |
   +---+---+---+---+---+---+---+---+---+---+---+---+---+---+---+
 5 |   |   |   | L | D | L |   |   |   |   |   |   |   |   |   |
   +---+---+---+---+---+---+---+---+---+---+---+---+---+---+---+
 6 |   |   |   | D | D | L | D |   |   |   |   |   |   |   |   |
   +---+---+---+---+---+---+---+---+---+---+---+---+---+---+---+
 7 |   |   | L | D | D | D | L |   |   |   |   |   |   |   |   |
   +---+---+---+---+---+---+---+---+---+---+---+---+---+---+---+
 8 |   |   |   | D | L | D | L |   |   |   |   |   |   |   |   |
   +---+---+---+---+---+---+---+---+---+---+---+---+---+---+---+
 9 |   |   |   | L |   |   | L |   |   |   |   |   |   |   |   |
   +---+---+---+---+---+---+---+---+---+---+---+---+---+---+---+
10 |   |   |   |   |   |   |   |   |   |   |   |   |   |   |   |
   +---+---+---+---+---+---+---+---+---+---+---+---+---+---+---+
11 |   |   |   |   |   |   | D |   |   |   |   |   |   |   |   |
   +---+---+---+---+---+---+---+---+---+---+---+---+---+---+---+
12 |   |   |   |   |   |   |   |   |   |   |   |   |   |   |   |
   +---+---+---+---+---+---+---+---+---+---+---+---+---+---+---+
13 |   |   |   |   |   |   |   |   |   |   |   |   |   |   |   |
   +---+---+---+---+---+---+---+---+---+---+---+---+---+---+---+
14 |   |   |   |   |   |   |   |   |   |   |   |   |   |   |   |
   +---+---+---+---+---+---+---+---+---+---+---+---+---+---+---+
15 |   |   |   |   |   |   |   |   |   |   |   |   |   |   |   |
   +---+---+---+---+---+---+---+---+---+---+---+---+---+---+---+
Move played: g11
Light player (COM) plays now
Light player (COM) is calculating its next move... (this might take up to 30 seconds)
     a   b   c   d   e   f   g   h   i   j   k   l   m   n   o 
   +---+---+---+---+---+---+---+---+---+---+---+---+---+---+---+
 1 |   |   |   |   |   |   |   |   |   |   |   |   |   |   |   |
   +---+---+---+---+---+---+---+---+---+---+---+---+---+---+---+
 2 |   |   |   |   |   |   |   |   |   |   |   |   |   |   |   |
   +---+---+---+---+---+---+---+---+---+---+---+---+---+---+---+
 3 |   |   |   |   | L |   |   |   |   |   |   |   |   |   |   |
   +---+---+---+---+---+---+---+---+---+---+---+---+---+---+---+
 4 |   |   |   |   | D | L |   |   |   |   |   |   |   |   |   |
   +---+---+---+---+---+---+---+---+---+---+---+---+---+---+---+
 5 |   |   |   | L | D | L |   |   |   |   |   |   |   |   |   |
   +---+---+---+---+---+---+---+---+---+---+---+---+---+---+---+
 6 |   |   |   | D | D | L | D |   |   |   |   |   |   |   |   |
   +---+---+---+---+---+---+---+---+---+---+---+---+---+---+---+
 7 |   |   | L | D | D | D | L |   |   |   |   |   |   |   |   |
   +---+---+---+---+---+---+---+---+---+---+---+---+---+---+---+
 8 |   |   |   | D | L | D | L |   |   |   |   |   |   |   |   |
   +---+---+---+---+---+---+---+---+---+---+---+---+---+---+---+
 9 |   |   |   | L |   |   | L |   |   |   |   |   |   |   |   |
   +---+---+---+---+---+---+---+---+---+---+---+---+---+---+---+
10 |   |   |   |   |   |   |   |   |   |   |   |   |   |   |   |
   +---+---+---+---+---+---+---+---+---+---+---+---+---+---+---+
11 |   |   |   |   |   |   | D |   |   |   |   |   |   |   |   |
   +---+---+---+---+---+---+---+---+---+---+---+---+---+---+---+
12 |   |   |   |   |   |   |   |   |   |   |   |   |   |   |   |
   +---+---+---+---+---+---+---+---+---+---+---+---+---+---+---+
13 |   |   |   |   |   |   |   |   |   |   |   |   |   |   |   |
   +---+---+---+---+---+---+---+---+---+---+---+---+---+---+---+
14 |   |   |   |   |   |   |   |   |   |   |   |   |   |   |   |
   +---+---+---+---+---+---+---+---+---+---+---+---+---+---+---+
15 |   |   |   |   |   |   |   |   |   |   |   |   |   |   |   |
   +---+---+---+---+---+---+---+---+---+---+---+---+---+---+---+
Move played: f4
Dark player (human) plays now
>     a   b   c   d   e   f   g   h   i   j   k   l   m   n   o 
   +---+---+---+---+---+---+---+---+---+---+---+---+---+---+---+
 1 |   |   |   |   |   |   |   |   |   |   |   |   |   |   |   |
   +---+---+---+---+---+---+---+---+---+---+---+---+---+---+---+
 2 |   |   |   |   |   |   |   |   |   |   |   |   |   |   |   |
   +---+---+---+---+---+---+---+---+---+---+---+---+---+---+---+
 3 |   |   |   |   | L |   |   |   |   |   |   |   |   |   |   |
   +---+---+---+---+---+---+---+---+---+---+---+---+---+---+---+
 4 |   |   |   |   | D | L |   |   |   |   |   |   |   |   |   |
   +---+---+---+---+---+---+---+---+---+---+---+---+---+---+---+
 5 |   |   |   | L | D | L |   |   |   |   |   |   |   |   |   |
   +---+---+---+---+---+---+---+---+---+---+---+---+---+---+---+
 6 |   |   |   | D | D | L | D |   |   |   |   |   |   |   |   |
   +---+---+---+---+---+---+---+---+---+---+---+---+---+---+---+
 7 |   |   | L | D | D | D | L |   |   |   |   |   |   |   |   |
   +---+---+---+---+---+---+---+---+---+---+---+---+---+---+---+
 8 |   |   |   | D | L | D | L |   |   |   |   |   |   |   |   |
   +---+---+---+---+---+---+---+---+---+---+---+---+---+---+---+
 9 |   |   |   | L |   |   | L |   |   |   |   |   |   |   |   |
   +---+---+---+---+---+---+---+---+---+---+---+---+---+---+---+
10 |   |   |   |   |   |   |   |   |   |   |   |   |   |   |   |
   +---+---+---+---+---+---+---+---+---+---+---+---+---+---+---+
11 |   |   |   |   |   |   | D |   |   |   |   |   |   |   |   |
   +---+---+---+---+---+---+---+---+---+---+---+---+---+---+---+
12 |   |   |   |   |   |   |   |   |   |   |   |   |   |   |   |
   +---+---+---+---+---+---+---+---+---+---+---+---+---+---+---+
13 |   |   |   |   |   |   |   |   |   |   |   |   |   |   |   |
   +---+---+---+---+---+---+---+---+---+---+---+---+---+---+---+
14 |   |   |   |   |   |   | D |   |   |   |   |   |   |   |   |
   +---+---+---+---+---+---+---+---+---+---+---+---+---+---+---+
15 |   |   |   |   |   |   |   |   |   |   |   |   |   |   |   |
   +---+---+---+---+---+---+---+---+---+---+---+---+---+---+---+
Move played: g14
Light player (COM) plays now
Light player (COM) is calculating its next move... (this might take up to 30 seconds)
     a   b   c   d   e   f   g   h   i   j   k   l   m   n   o 
   +---+---+---+---+---+---+---+---+---+---+---+---+---+---+---+
 1 |   |   |   |   |   |   |   |   |   |   |   |   |   |   |   |
   +---+---+---+---+---+---+---+---+---+---+---+---+---+---+---+
 2 |   |   |   |   |   |   |   |   |   |   |   |   |   |   |   |
   +---+---+---+---+---+---+---+---+---+---+---+---+---+---+---+
 3 |   |   |   |   | L |   |   |   |   |   |   |   |   |   |   |
   +---+---+---+---+---+---+---+---+---+---+---+---+---+---+---+
 4 |   |   |   |   | D | L |   |   |   |   |   |   |   |   |   |
   +---+---+---+---+---+---+---+---+---+---+---+---+---+---+---+
 5 |   |   | L | L | D | L |   |   |   |   |   |   |   |   |   |
   +---+---+---+---+---+---+---+---+---+---+---+---+---+---+---+
 6 |   |   |   | D | D | L | D |   |   |   |   |   |   |   |   |
   +---+---+---+---+---+---+---+---+---+---+---+---+---+---+---+
 7 |   |   | L | D | D | D | L |   |   |   |   |   |   |   |   |
   +---+---+---+---+---+---+---+---+---+---+---+---+---+---+---+
 8 |   |   |   | D | L | D | L |   |   |   |   |   |   |   |   |
   +---+---+---+---+---+---+---+---+---+---+---+---+---+---+---+
 9 |   |   |   | L |   |   | L |   |   |   |   |   |   |   |   |
   +---+---+---+---+---+---+---+---+---+---+---+---+---+---+---+
10 |   |   |   |   |   |   |   |   |   |   |   |   |   |   |   |
   +---+---+---+---+---+---+---+---+---+---+---+---+---+---+---+
11 |   |   |   |   |   |   | D |   |   |   |   |   |   |   |   |
   +---+---+---+---+---+---+---+---+---+---+---+---+---+---+---+
12 |   |   |   |   |   |   |   |   |   |   |   |   |   |   |   |
   +---+---+---+---+---+---+---+---+---+---+---+---+---+---+---+
13 |   |   |   |   |   |   |   |   |   |   |   |   |   |   |   |
   +---+---+---+---+---+---+---+---+---+---+---+---+---+---+---+
14 |   |   |   |   |   |   | D |   |   |   |   |   |   |   |   |
   +---+---+---+---+---+---+---+---+---+---+---+---+---+---+---+
15 |   |   |   |   |   |   |   |   |   |   |   |   |   |   |   |
   +---+---+---+---+---+---+---+---+---+---+---+---+---+---+---+
Move played: c5
Dark player (human) plays now
>     a   b   c   d   e   f   g   h   i   j   k   l   m   n   o 
   +---+---+---+---+---+---+---+---+---+---+---+---+---+---+---+
 1 |   |   |   |   |   |   | D |   |   |   |   |   |   |   |   |
   +---+---+---+---+---+---+---+---+---+---+---+---+---+---+---+
 2 |   |   |   |   |   |   |   |   |   |   |   |   |   |   |   |
   +---+---+---+---+---+---+---+---+---+---+---+---+---+---+---+
 3 |   |   |   |   | L |   |   |   |   |   |   |   |   |   |   |
   +---+---+---+---+---+---+---+---+---+---+---+---+---+---+---+
 4 |   |   |   |   | D | L |   |   |   |   |   |   |   |   |   |
   +---+---+---+---+---+---+---+---+---+---+---+---+---+---+---+
 5 |   |   | L | L | D | L |   |   |   |   |   |   |   |   |   |
   +---+---+---+---+---+---+---+---+---+---+---+---+---+---+---+
 6 |   |   |   | D | D | L | D |   |   |   |   |   |   |   |   |
   +---+---+---+---+---+---+---+---+---+---+---+---+---+---+---+
 7 |   |   | L | D | D | D | L |   |   |   |   |   |   |   |   |
   +---+---+---+---+---+---+---+---+---+---+---+---+---+---+---+
 8 |   |   |   | D | L | D | L |   |   |   |   |   |   |   |   |
   +---+---+---+---+---+---+---+---+---+---+---+---+---+---+---+
 9 |   |   |   | L |   |   | L |   |   |   |   |   |   |   |   |
   +---+---+---+---+---+---+---+---+---+---+---+---+---+---+---+
10 |   |   |   |   |   |   |   |   |   |   |   |   |   |   |   |
   +---+---+---+---+---+---+---+---+---+---+---+---+---+---+---+
11 |   |   |   |   |   |   | D |   |   |   |   |   |   |   |   |
   +---+---+---+---+---+---+---+---+---+---+---+---+---+---+---+
12 |   |   |   |   |   |   |   |   |   |   |   |   |   |   |   |
   +---+---+---+---+---+---+---+---+---+---+---+---+---+---+---+
13 |   |   |   |   |   |   |   |   |   |   |   |   |   |   |   |
   +---+---+---+---+---+---+---+---+---+---+---+---+---+---+---+
14 |   |   |   |   |   |   | D |   |   |   |   |   |   |   |   |
   +---+---+---+---+---+---+---+---+---+---+---+---+---+---+---+
15 |   |   |   |   |   |   |   |   |   |   |   |   |   |   |   |
   +---+---+---+---+---+---+---+---+---+---+---+---+---+---+---+
Move played: g1
Light player (COM) plays now
Light player (COM) is calculating its next move... (this might take up to 30 seconds)
     a   b   c   d   e   f   g   h   i   j   k   l   m   n   o 
   +---+---+---+---+---+---+---+---+---+---+---+---+---+---+---+
 1 |   |   |   |   |   |   | D |   |   |   |   |   |   |   |   |
   +---+---+---+---+---+---+---+---+---+---+---+---+---+---+---+
 2 |   |   |   |   |   |   |   |   |   |   |   |   |   |   |   |
   +---+---+---+---+---+---+---+---+---+---+---+---+---+---+---+
 3 |   |   |   |   | L |   |   |   |   |   |   |   |   |   |   |
   +---+---+---+---+---+---+---+---+---+---+---+---+---+---+---+
 4 |   |   |   |   | D | L |   |   |   |   |   |   |   |   |   |
   +---+---+---+---+---+---+---+---+---+---+---+---+---+---+---+
 5 |   |   | L | L | D | L |   |   |   |   |   |   |   |   |   |
   +---+---+---+---+---+---+---+---+---+---+---+---+---+---+---+
 6 |   |   |   | D | D | L | D |   |   |   |   |   |   |   |   |
   +---+---+---+---+---+---+---+---+---+---+---+---+---+---+---+
 7 |   |   | L | D | D | D | L |   |   |   |   |   |   |   |   |
   +---+---+---+---+---+---+---+---+---+---+---+---+---+---+---+
 8 |   |   |   | D | L | D | L |   |   |   |   |   |   |   |   |
   +---+---+---+---+---+---+---+---+---+---+---+---+---+---+---+
 9 |   |   |   | L |   | L | L |   |   |   |   |   |   |   |   |
   +---+---+---+---+---+---+---+---+---+---+---+---+---+---+---+
10 |   |   |   |   |   |   |   |   |   |   |   |   |   |   |   |
   +---+---+---+---+---+---+---+---+---+---+---+---+---+---+---+
11 |   |   |   |   |   |   | D |   |   |   |   |   |   |   |   |
   +---+---+---+---+---+---+---+---+---+---+---+---+---+---+---+
12 |   |   |   |   |   |   |   |   |   |   |   |   |   |   |   |
   +---+---+---+---+---+---+---+---+---+---+---+---+---+---+---+
13 |   |   |   |   |   |   |   |   |   |   |   |   |   |   |   |
   +---+---+---+---+---+---+---+---+---+---+---+---+---+---+---+
14 |   |   |   |   |   |   | D |   |   |   |   |   |   |   |   |
   +---+---+---+---+---+---+---+---+---+---+---+---+---+---+---+
15 |   |   |   |   |   |   |   |   |   |   |   |   |   |   |   |
   +---+---+---+---+---+---+---+---+---+---+---+---+---+---+---+
Move played: f9
Dark player (human) plays now
>     a   b   c   d   e   f   g   h   i   j   k   l   m   n   o 
   +---+---+---+---+---+---+---+---+---+---+---+---+---+---+---+
 1 |   |   |   |   |   |   | D |   |   |   |   |   |   |   |   |
   +---+---+---+---+---+---+---+---+---+---+---+---+---+---+---+
 2 |   |   |   |   |   |   |   |   |   |   |   |   |   |   |   |
   +---+---+---+---+---+---+---+---+---+---+---+---+---+---+---+
 3 |   |   |   |   | L |   |   |   |   |   |   |   |   |   |   |
   +---+---+---+---+---+---+---+---+---+---+---+---+---+---+---+
 4 |   |   |   |   | D | L |   |   |   |   |   |   |   |   |   |
   +---+---+---+---+---+---+---+---+---+---+---+---+---+---+---+
 5 |   |   | L | L | D | L |   |   |   |   |   |   |   |   |   |
   +---+---+---+---+---+---+---+---+---+---+---+---+---+---+---+
 6 |   |   |   | D | D | L | D |   |   |   |   |   |   |   |   |
   +---+---+---+---+---+---+---+---+---+---+---+---+---+---+---+
 7 |   |   | L | D | D | D | L |   |   |   |   |   |   |   |   |
   +---+---+---+---+---+---+---+---+---+---+---+---+---+---+---+
 8 |   |   |   | D | L | D | L |   |   |   |   |   |   |   |   |
   +---+---+---+---+---+---+---+---+---+---+---+---+---+---+---+
 9 |   |   | D | L |   | L | L |   |   |   |   |   |   |   |   |
   +---+---+---+---+---+---+---+---+---+---+---+---+---+---+---+
10 |   |   |   |   |   |   |   |   |   |   |   |   |   |   |   |
   +---+---+---+---+---+---+---+---+---+---+---+---+---+---+---+
11 |   |   |   |   |   |   | D |   |   |   |   |   |   |   |   |
   +---+---+---+---+---+---+---+---+---+---+---+---+---+---+---+
12 |   |   |   |   |   |   |   |   |   |   |   |   |   |   |   |
   +---+---+---+---+---+---+---+---+---+---+---+---+---+---+---+
13 |   |   |   |   |   |   |   |   |   |   |   |   |   |   |   |
   +---+---+---+---+---+---+---+---+---+---+---+---+---+---+---+
14 |   |   |   |   |   |   | D |   |   |   |   |   |   |   |   |
   +---+---+---+---+---+---+---+---+---+---+---+---+---+---+---+
15 |   |   |   |   |   |   |   |   |   |   |   |   |   |   |   |
   +---+---+---+---+---+---+---+---+---+---+---+---+---+---+---+
Move played: c9
Light player (COM) plays now
Light player (COM) is calculating its next move... (this might take up to 30 seconds)
     a   b   c   d   e   f   g   h   i   j   k   l   m   n   o 
   +---+---+---+---+---+---+---+---+---+---+---+---+---+---+---+
 1 |   |   |   |   |   |   | D |   |   |   |   |   |   |   |   |
   +---+---+---+---+---+---+---+---+---+---+---+---+---+---+---+
 2 |   |   |   |   |   |   |   |   |   |   |   |   |   |   |   |
   +---+---+---+---+---+---+---+---+---+---+---+---+---+---+---+
 3 |   |   |   |   | L |   |   |   |   |   |   |   |   |   |   |
   +---+---+---+---+---+---+---+---+---+---+---+---+---+---+---+
 4 |   |   |   |   | D | L |   |   |   |   |   |   |   |   |   |
   +---+---+---+---+---+---+---+---+---+---+---+---+---+---+---+
 5 |   |   | L | L | D | L |   |   |   |   |   |   |   |   |   |
   +---+---+---+---+---+---+---+---+---+---+---+---+---+---+---+
 6 |   |   |   | D | D | L | D |   |   |   |   |   |   |   |   |
   +---+---+---+---+---+---+---+---+---+---+---+---+---+---+---+
 7 |   |   | L | D | D | D | L |   |   |   |   |   |   |   |   |
   +---+---+---+---+---+---+---+---+---+---+---+---+---+---+---+
 8 |   |   |   | D | L | D | L |   |   |   |   |   |   |   |   |
   +---+---+---+---+---+---+---+---+---+---+---+---+---+---+---+
 9 |   |   | D | L |   | L | L |   |   |   |   |   |   |   |   |
   +---+---+---+---+---+---+---+---+---+---+---+---+---+---+---+
10 |   |   |   |   |   |   | L |   |   |   |   |   |   |   |   |
   +---+---+---+---+---+---+---+---+---+---+---+---+---+---+---+
11 |   |   |   |   |   |   | D |   |   |   |   |   |   |   |   |
   +---+---+---+---+---+---+---+---+---+---+---+---+---+---+---+
12 |   |   |   |   |   |   |   |   |   |   |   |   |   |   |   |
   +---+---+---+---+---+---+---+---+---+---+---+---+---+---+---+
13 |   |   |   |   |   |   |   |   |   |   |   |   |   |   |   |
   +---+---+---+---+---+---+---+---+---+---+---+---+---+---+---+
14 |   |   |   |   |   |   | D |   |   |   |   |   |   |   |   |
   +---+---+---+---+---+---+---+---+---+---+---+---+---+---+---+
15 |   |   |   |   |   |   |   |   |   |   |   |   |   |   |   |
   +---+---+---+---+---+---+---+---+---+---+---+---+---+---+---+
Move played: g10
Dark player (human) plays now
>     a   b   c   d   e   f   g   h   i   j   k   l   m   n   o 
   +---+---+---+---+---+---+---+---+---+---+---+---+---+---+---+
 1 |   |   |   |   |   |   | D |   |   |   |   |   |   |   |   |
   +---+---+---+---+---+---+---+---+---+---+---+---+---+---+---+
 2 |   |   |   |   |   |   |   |   |   |   |   |   |   |   |   |
   +---+---+---+---+---+---+---+---+---+---+---+---+---+---+---+
 3 |   |   |   |   | L |   |   |   |   |   |   |   |   |   |   |
   +---+---+---+---+---+---+---+---+---+---+---+---+---+---+---+
 4 |   |   |   |   | D | L |   |   |   |   |   |   |   |   |   |
   +---+---+---+---+---+---+---+---+---+---+---+---+---+---+---+
 5 |   |   | L | L | D | L |   |   |   |   |   |   |   |   |   |
   +---+---+---+---+---+---+---+---+---+---+---+---+---+---+---+
 6 |   |   |   | D | D | L | D |   | D |   |   |   |   |   |   |
   +---+---+---+---+---+---+---+---+---+---+---+---+---+---+---+
 7 |   |   | L | D | D | D | L |   |   |   |   |   |   |   |   |
   +---+---+---+---+---+---+---+---+---+---+---+---+---+---+---+
 8 |   |   |   | D | L | D | L |   |   |   |   |   |   |   |   |
   +---+---+---+---+---+---+---+---+---+---+---+---+---+---+---+
 9 |   |   | D | L |   | L | L |   |   |   |   |   |   |   |   |
   +---+---+---+---+---+---+---+---+---+---+---+---+---+---+---+
10 |   |   |   |   |   |   | L |   |   |   |   |   |   |   |   |
   +---+---+---+---+---+---+---+---+---+---+---+---+---+---+---+
11 |   |   |   |   |   |   | D |   |   |   |   |   |   |   |   |
   +---+---+---+---+---+---+---+---+---+---+---+---+---+---+---+
12 |   |   |   |   |   |   |   |   |   |   |   |   |   |   |   |
   +---+---+---+---+---+---+---+---+---+---+---+---+---+---+---+
13 |   |   |   |   |   |   |   |   |   |   |   |   |   |   |   |
   +---+---+---+---+---+---+---+---+---+---+---+---+---+---+---+
14 |   |   |   |   |   |   | D |   |   |   |   |   |   |   |   |
   +---+---+---+---+---+---+---+---+---+---+---+---+---+---+---+
15 |   |   |   |   |   |   |   |   |   |   |   |   |   |   |   |
   +---+---+---+---+---+---+---+---+---+---+---+---+---+---+---+
Move played: i6
Light player (COM) plays now
Light player (COM) is calculating its next move... (this might take up to 30 seconds)
     a   b   c   d   e   f   g   h   i   j   k   l   m   n   o 
   +---+---+---+---+---+---+---+---+---+---+---+---+---+---+---+
 1 |   |   |   |   |   |   | D |   |   |   |   |   |   |   |   |
   +---+---+---+---+---+---+---+---+---+---+---+---+---+---+---+
 2 |   |   |   |   |   |   |   |   |   |   |   |   |   |   |   |
   +---+---+---+---+---+---+---+---+---+---+---+---+---+---+---+
 3 |   |   |   |   | L |   |   |   |   |   |   |   |   |   |   |
   +---+---+---+---+---+---+---+---+---+---+---+---+---+---+---+
 4 |   |   |   |   | D | L |   |   |   |   |   |   |   |   |   |
   +---+---+---+---+---+---+---+---+---+---+---+---+---+---+---+
 5 |   |   | L | L | D | L |   |   |   |   |   |   |   |   |   |
   +---+---+---+---+---+---+---+---+---+---+---+---+---+---+---+
 6 |   |   |   | D | D | L | D |   | D |   |   |   |   |   |   |
   +---+---+---+---+---+---+---+---+---+---+---+---+---+---+---+
 7 |   |   | L | D | D | D | L |   |   |   |   |   |   |   |   |
   +---+---+---+---+---+---+---+---+---+---+---+---+---+---+---+
 8 |   |   | L | D | L | D | L |   |   |   |   |   |   |   |   |
   +---+---+---+---+---+---+---+---+---+---+---+---+---+---+---+
 9 |   |   | D | L |   | L | L |   |   |   |   |   |   |   |   |
   +---+---+---+---+---+---+---+---+---+---+---+---+---+---+---+
10 |   |   |   |   |   |   | L |   |   |   |   |   |   |   |   |
   +---+---+---+---+---+---+---+---+---+---+---+---+---+---+---+
11 |   |   |   |   |   |   | D |   |   |   |   |   |   |   |   |
   +---+---+---+---+---+---+---+---+---+---+---+---+---+---+---+
12 |   |   |   |   |   |   |   |   |   |   |   |   |   |   |   |
   +---+---+---+---+---+---+---+---+---+---+---+---+---+---+---+
13 |   |   |   |   |   |   |   |   |   |   |   |   |   |   |   |
   +---+---+---+---+---+---+---+---+---+---+---+---+---+---+---+
14 |   |   |   |   |   |   | D |   |   |   |   |   |   |   |   |
   +---+---+---+---+---+---+---+---+---+---+---+---+---+---+---+
15 |   |   |   |   |   |   |   |   |   |   |   |   |   |   |   |
   +---+---+---+---+---+---+---+---+---+---+---+---+---+---+---+
Move played: c8
Dark player (human) plays now
>     a   b   c   d   e   f   g   h   i   j   k   l   m   n   o 
   +---+---+---+---+---+---+---+---+---+---+---+---+---+---+---+
 1 |   |   |   |   |   |   | D |   |   |   |   |   |   |   |   |
   +---+---+---+---+---+---+---+---+---+---+---+---+---+---+---+
 2 |   |   |   |   |   |   |   |   |   |   |   |   |   |   |   |
   +---+---+---+---+---+---+---+---+---+---+---+---+---+---+---+
 3 |   |   |   |   | L |   |   |   |   |   |   |   |   |   |   |
   +---+---+---+---+---+---+---+---+---+---+---+---+---+---+---+
 4 |   |   |   |   | D | L |   |   |   |   |   |   |   |   |   |
   +---+---+---+---+---+---+---+---+---+---+---+---+---+---+---+
 5 |   |   | L | L | D | L |   |   |   |   |   |   |   |   |   |
   +---+---+---+---+---+---+---+---+---+---+---+---+---+---+---+
 6 |   |   |   | D | D | L | D |   | D |   |   |   |   |   |   |
   +---+---+---+---+---+---+---+---+---+---+---+---+---+---+---+
 7 |   |   | L | D | D | D | L |   |   |   |   |   |   |   |   |
   +---+---+---+---+---+---+---+---+---+---+---+---+---+---+---+
 8 |   |   | L | D | L | D | L |   |   |   |   |   |   |   |   |
   +---+---+---+---+---+---+---+---+---+---+---+---+---+---+---+
 9 |   |   | D | L |   | L | L |   |   |   |   |   |   |   |   |
   +---+---+---+---+---+---+---+---+---+---+---+---+---+---+---+
10 |   |   |   |   |   |   | L |   |   |   |   |   |   |   |   |
   +---+---+---+---+---+---+---+---+---+---+---+---+---+---+---+
11 |   |   |   |   |   | D | D |   |   |   |   |   |   |   |   |
   +---+---+---+---+---+---+---+---+---+---+---+---+---+---+---+
12 |   |   |   |   |   |   |   |   |   |   |   |   |   |   |   |
   +---+---+---+---+---+---+---+---+---+---+---+---+---+---+---+
13 |   |   |   |   |   |   |   |   |   |   |   |   |   |   |   |
   +---+---+---+---+---+---+---+---+---+---+---+---+---+---+---+
14 |   |   |   |   |   |   | D |   |   |   |   |   |   |   |   |
   +---+---+---+---+---+---+---+---+---+---+---+---+---+---+---+
15 |   |   |   |   |   |   |   |   |   |   |   |   |   |   |   |
   +---+---+---+---+---+---+---+---+---+---+---+---+---+---+---+
Move played: f11
Light player (COM) plays now
Light player (COM) is calculating its next move... (this might take up to 30 seconds)
     a   b   c   d   e   f   g   h   i   j   k   l   m   n   o 
   +---+---+---+---+---+---+---+---+---+---+---+---+---+---+---+
 1 |   |   |   |   |   |   | D |   |   |   |   |   |   |   |   |
   +---+---+---+---+---+---+---+---+---+---+---+---+---+---+---+
 2 |   |   |   |   |   |   |   |   |   |   |   |   |   |   |   |
   +---+---+---+---+---+---+---+---+---+---+---+---+---+---+---+
 3 |   |   |   |   | L |   |   |   |   |   |   |   |   |   |   |
   +---+---+---+---+---+---+---+---+---+---+---+---+---+---+---+
 4 |   |   |   |   | D | L |   |   |   |   |   |   |   |   |   |
   +---+---+---+---+---+---+---+---+---+---+---+---+---+---+---+
 5 |   |   | L | L | D | L |   |   |   |   |   |   |   |   |   |
   +---+---+---+---+---+---+---+---+---+---+---+---+---+---+---+
 6 |   |   |   | D | D | L | D |   | D |   |   |   |   |   |   |
   +---+---+---+---+---+---+---+---+---+---+---+---+---+---+---+
 7 |   |   | L | D | D | D | L |   |   |   |   |   |   |   |   |
   +---+---+---+---+---+---+---+---+---+---+---+---+---+---+---+
 8 |   |   | L | D | L | D | L |   |   |   |   |   |   |   |   |
   +---+---+---+---+---+---+---+---+---+---+---+---+---+---+---+
 9 |   |   | D | L |   | L | L |   |   |   |   |   |   |   |   |
   +---+---+---+---+---+---+---+---+---+---+---+---+---+---+---+
10 |   |   |   |   |   |   | L |   |   |   |   |   |   |   |   |
   +---+---+---+---+---+---+---+---+---+---+---+---+---+---+---+
11 |   |   |   |   |   | D | D | L |   |   |   |   |   |   |   |
   +---+---+---+---+---+---+---+---+---+---+---+---+---+---+---+
12 |   |   |   |   |   |   |   |   |   |   |   |   |   |   |   |
   +---+---+---+---+---+---+---+---+---+---+---+---+---+---+---+
13 |   |   |   |   |   |   |   |   |   |   |   |   |   |   |   |
   +---+---+---+---+---+---+---+---+---+---+---+---+---+---+---+
14 |   |   |   |   |   |   | D |   |   |   |   |   |   |   |   |
   +---+---+---+---+---+---+---+---+---+---+---+---+---+---+---+
15 |   |   |   |   |   |   |   |   |   |   |   |   |   |   |   |
   +---+---+---+---+---+---+---+---+---+---+---+---+---+---+---+
Move played: h11
Dark player (human) plays now
>     a   b   c   d   e   f   g   h   i   j   k   l   m   n   o 
   +---+---+---+---+---+---+---+---+---+---+---+---+---+---+---+
 1 |   |   |   |   |   |   | D |   |   |   |   |   |   |   |   |
   +---+---+---+---+---+---+---+---+---+---+---+---+---+---+---+
 2 |   |   |   |   |   |   |   |   |   |   |   |   |   |   |   |
   +---+---+---+---+---+---+---+---+---+---+---+---+---+---+---+
 3 |   |   |   |   | L |   |   |   |   |   |   |   |   |   |   |
   +---+---+---+---+---+---+---+---+---+---+---+---+---+---+---+
 4 |   |   |   |   | D | L |   |   |   |   |   |   |   |   |   |
   +---+---+---+---+---+---+---+---+---+---+---+---+---+---+---+
 5 |   |   | L | L | D | L |   |   |   |   |   |   |   |   |   |
   +---+---+---+---+---+---+---+---+---+---+---+---+---+---+---+
 6 |   |   |   | D | D | L | D |   | D |   |   |   |   |   |   |
   +---+---+---+---+---+---+---+---+---+---+---+---+---+---+---+
 7 |   |   | L | D | D | D | L |   |   |   |   |   |   |   |   |
   +---+---+---+---+---+---+---+---+---+---+---+---+---+---+---+
 8 |   |   | L | D | L | D | L |   |   |   |   |   |   |   |   |
   +---+---+---+---+---+---+---+---+---+---+---+---+---+---+---+
 9 |   |   | D | L |   | L | L |   |   |   |   |   |   |   |   |
   +---+---+---+---+---+---+---+---+---+---+---+---+---+---+---+
10 |   |   |   |   |   |   | L |   |   |   |   |   |   |   |   |
   +---+---+---+---+---+---+---+---+---+---+---+---+---+---+---+
11 |   |   |   |   |   | D | D | L |   |   |   |   |   |   |   |
   +---+---+---+---+---+---+---+---+---+---+---+---+---+---+---+
12 |   |   |   |   |   |   |   |   | D |   |   |   |   |   |   |
   +---+---+---+---+---+---+---+---+---+---+---+---+---+---+---+
13 |   |   |   |   |   |   |   |   |   |   |   |   |   |   |   |
   +---+---+---+---+---+---+---+---+---+---+---+---+---+---+---+
14 |   |   |   |   |   |   | D |   |   |   |   |   |   |   |   |
   +---+---+---+---+---+---+---+---+---+---+---+---+---+---+---+
15 |   |   |   |   |   |   |   |   |   |   |   |   |   |   |   |
   +---+---+---+---+---+---+---+---+---+---+---+---+---+---+---+
Move played: i12
Light player (COM) plays now
Light player (COM) is calculating its next move... (this might take up to 30 seconds)
     a   b   c   d   e   f   g   h   i   j   k   l   m   n   o 
   +---+---+---+---+---+---+---+---+---+---+---+---+---+---+---+
 1 |   |   |   |   |   |   | D |   |   |   |   |   |   |   |   |
   +---+---+---+---+---+---+---+---+---+---+---+---+---+---+---+
 2 |   |   |   |   |   |   |   |   |   |   |   |   |   |   |   |
   +---+---+---+---+---+---+---+---+---+---+---+---+---+---+---+
 3 |   |   |   |   | L |   |   |   |   |   |   |   |   |   |   |
   +---+---+---+---+---+---+---+---+---+---+---+---+---+---+---+
 4 |   |   |   |   | D | L |   |   |   |   |   |   |   |   |   |
   +---+---+---+---+---+---+---+---+---+---+---+---+---+---+---+
 5 |   |   | L | L | D | L |   |   |   |   |   |   |   |   |   |
   +---+---+---+---+---+---+---+---+---+---+---+---+---+---+---+
 6 |   |   |   | D | D | L | D |   | D |   |   |   |   |   |   |
   +---+---+---+---+---+---+---+---+---+---+---+---+---+---+---+
 7 |   |   | L | D | D | D | L |   |   |   |   |   |   |   |   |
   +---+---+---+---+---+---+---+---+---+---+---+---+---+---+---+
 8 |   |   | L | D | L | D | L |   |   |   |   |   |   |   |   |
   +---+---+---+---+---+---+---+---+---+---+---+---+---+---+---+
 9 |   |   | D | L |   | L | L |   |   |   |   |   |   |   |   |
   +---+---+---+---+---+---+---+---+---+---+---+---+---+---+---+
10 |   |   |   |   | L |   | L |   |   |   |   |   |   |   |   |
   +---+---+---+---+---+---+---+---+---+---+---+---+---+---+---+
11 |   |   |   |   |   | D | D | L |   |   |   |   |   |   |   |
   +---+---+---+---+---+---+---+---+---+---+---+---+---+---+---+
12 |   |   |   |   |   |   |   |   | D |   |   |   |   |   |   |
   +---+---+---+---+---+---+---+---+---+---+---+---+---+---+---+
13 |   |   |   |   |   |   |   |   |   |   |   |   |   |   |   |
   +---+---+---+---+---+---+---+---+---+---+---+---+---+---+---+
14 |   |   |   |   |   |   | D |   |   |   |   |   |   |   |   |
   +---+---+---+---+---+---+---+---+---+---+---+---+---+---+---+
15 |   |   |   |   |   |   |   |   |   |   |   |   |   |   |   |
   +---+---+---+---+---+---+---+---+---+---+---+---+---+---+---+
Move played: e10
Dark player (human) plays now
>     a   b   c   d   e   f   g   h   i   j   k   l   m   n   o 
   +---+---+---+---+---+---+---+---+---+---+---+---+---+---+---+
 1 |   |   |   |   |   |   | D |   |   |   |   |   |   |   |   |
   +---+---+---+---+---+---+---+---+---+---+---+---+---+---+---+
 2 |   |   |   |   |   |   |   |   |   |   |   |   |   |   |   |
   +---+---+---+---+---+---+---+---+---+---+---+---+---+---+---+
 3 |   |   |   |   | L |   |   |   |   |   |   |   |   |   |   |
   +---+---+---+---+---+---+---+---+---+---+---+---+---+---+---+
 4 |   |   |   |   | D | L |   |   |   |   |   |   |   |   |   |
   +---+---+---+---+---+---+---+---+---+---+---+---+---+---+---+
 5 |   |   | L | L | D | L |   |   |   |   |   |   |   |   |   |
   +---+---+---+---+---+---+---+---+---+---+---+---+---+---+---+
 6 |   |   |   | D | D | L | D |   | D |   |   |   |   |   |   |
   +---+---+---+---+---+---+---+---+---+---+---+---+---+---+---+
 7 |   |   | L | D | D | D | L |   |   |   |   |   |   |   |   |
   +---+---+---+---+---+---+---+---+---+---+---+---+---+---+---+
 8 |   |   | L | D | L | D | L |   |   |   |   |   |   |   |   |
   +---+---+---+---+---+---+---+---+---+---+---+---+---+---+---+
 9 |   |   | D | L |   | L | L |   |   |   |   |   |   |   |   |
   +---+---+---+---+---+---+---+---+---+---+---+---+---+---+---+
10 |   |   |   |   | L |   | L |   |   |   |   |   |   |   |   |
   +---+---+---+---+---+---+---+---+---+---+---+---+---+---+---+
11 |   |   |   |   |   | D | D | L |   |   |   |   |   |   |   |
   +---+---+---+---+---+---+---+---+---+---+---+---+---+---+---+
12 |   |   | D |   |   |   |   |   | D |   |   |   |   |   |   |
   +---+---+---+---+---+---+---+---+---+---+---+---+---+---+---+
13 |   |   |   |   |   |   |   |   |   |   |   |   |   |   |   |
   +---+---+---+---+---+---+---+---+---+---+---+---+---+---+---+
14 |   |   |   |   |   |   | D |   |   |   |   |   |   |   |   |
   +---+---+---+---+---+---+---+---+---+---+---+---+---+---+---+
15 |   |   |   |   |   |   |   |   |   |   |   |   |   |   |   |
   +---+---+---+---+---+---+---+---+---+---+---+---+---+---+---+
Move played: c12
Light player (COM) plays now
Light player (COM) is calculating its next move... (this might take up to 30 seconds)
     a   b   c   d   e   f   g   h   i   j   k   l   m   n   o 
   +---+---+---+---+---+---+---+---+---+---+---+---+---+---+---+
 1 |   |   |   |   |   |   | D |   |   |   |   |   |   |   |   |
   +---+---+---+---+---+---+---+---+---+---+---+---+---+---+---+
 2 |   |   |   |   |   |   |   |   |   |   |   |   |   |   |   |
   +---+---+---+---+---+---+---+---+---+---+---+---+---+---+---+
 3 |   |   |   |   | L |   |   |   |   |   |   |   |   |   |   |
   +---+---+---+---+---+---+---+---+---+---+---+---+---+---+---+
 4 |   |   |   |   | D | L |   |   |   |   |   |   |   |   |   |
   +---+---+---+---+---+---+---+---+---+---+---+---+---+---+---+
 5 |   |   | L | L | D | L |   |   |   |   |   |   |   |   |   |
   +---+---+---+---+---+---+---+---+---+---+---+---+---+---+---+
 6 |   |   |   | D | D | L | D |   | D |   |   |   |   |   |   |
   +---+---+---+---+---+---+---+---+---+---+---+---+---+---+---+
 7 |   |   | L | D | D | D | L | L |   |   |   |   |   |   |   |
   +---+---+---+---+---+---+---+---+---+---+---+---+---+---+---+
 8 |   |   | L | D | L | D | L |   |   |   |   |   |   |   |   |
   +---+---+---+---+---+---+---+---+---+---+---+---+---+---+---+
 9 |   |   | D | L |   | L | L |   |   |   |   |   |   |   |   |
   +---+---+---+---+---+---+---+---+---+---+---+---+---+---+---+
10 |   |   |   |   | L |   | L |   |   |   |   |   |   |   |   |
   +---+---+---+---+---+---+---+---+---+---+---+---+---+---+---+
11 |   |   |   |   |   | D | D | L |   |   |   |   |   |   |   |
   +---+---+---+---+---+---+---+---+---+---+---+---+---+---+---+
12 |   |   | D |   |   |   |   |   | D |   |   |   |   |   |   |
   +---+---+---+---+---+---+---+---+---+---+---+---+---+---+---+
13 |   |   |   |   |   |   |   |   |   |   |   |   |   |   |   |
   +---+---+---+---+---+---+---+---+---+---+---+---+---+---+---+
14 |   |   |   |   |   |   | D |   |   |   |   |   |   |   |   |
   +---+---+---+---+---+---+---+---+---+---+---+---+---+---+---+
15 |   |   |   |   |   |   |   |   |   |   |   |   |   |   |   |
   +---+---+---+---+---+---+---+---+---+---+---+---+---+---+---+
Move played: h7
Dark player (human) plays now
>     a   b   c   d   e   f   g   h   i   j   k   l   m   n   o 
   +---+---+---+---+---+---+---+---+---+---+---+---+---+---+---+
 1 |   |   |   |   |   |   | D |   |   |   |   |   |   |   |   |
   +---+---+---+---+---+---+---+---+---+---+---+---+---+---+---+
 2 |   |   |   |   |   |   |   |   |   |   |   |   |   |   |   |
   +---+---+---+---+---+---+---+---+---+---+---+---+---+---+---+
 3 |   |   |   |   | L |   |   |   |   |   |   |   |   |   |   |
   +---+---+---+---+---+---+---+---+---+---+---+---+---+---+---+
 4 |   |   |   |   | D | L |   |   |   |   |   |   |   |   |   |
   +---+---+---+---+---+---+---+---+---+---+---+---+---+---+---+
 5 |   |   | L | L | D | L |   |   |   |   |   |   |   |   |   |
   +---+---+---+---+---+---+---+---+---+---+---+---+---+---+---+
 6 |   |   |   | D | D | L | D |   | D |   |   |   |   |   |   |
   +---+---+---+---+---+---+---+---+---+---+---+---+---+---+---+
 7 |   |   | L | D | D | D | L | L |   |   |   |   |   |   |   |
   +---+---+---+---+---+---+---+---+---+---+---+---+---+---+---+
 8 |   |   | L | D | L | D | L |   |   |   |   |   |   |   |   |
   +---+---+---+---+---+---+---+---+---+---+---+---+---+---+---+
 9 |   |   | D | L |   | L | L |   |   |   |   |   |   |   |   |
   +---+---+---+---+---+---+---+---+---+---+---+---+---+---+---+
10 |   |   |   |   | L |   | L |   |   |   |   |   |   |   |   |
   +---+---+---+---+---+---+---+---+---+---+---+---+---+---+---+
11 |   |   |   | D |   | D | D | L |   |   |   |   |   |   |   |
   +---+---+---+---+---+---+---+---+---+---+---+---+---+---+---+
12 |   |   | D |   |   |   |   |   | D |   |   |   |   |   |   |
   +---+---+---+---+---+---+---+---+---+---+---+---+---+---+---+
13 |   |   |   |   |   |   |   |   |   |   |   |   |   |   |   |
   +---+---+---+---+---+---+---+---+---+---+---+---+---+---+---+
14 |   |   |   |   |   |   | D |   |   |   |   |   |   |   |   |
   +---+---+---+---+---+---+---+---+---+---+---+---+---+---+---+
15 |   |   |   |   |   |   |   |   |   |   |   |   |   |   |   |
   +---+---+---+---+---+---+---+---+---+---+---+---+---+---+---+
Move played: d11
Light player (COM) plays now
Light player (COM) is calculating its next move... (this might take up to 30 seconds)
     a   b   c   d   e   f   g   h   i   j   k   l   m   n   o 
   +---+---+---+---+---+---+---+---+---+---+---+---+---+---+---+
 1 |   |   |   |   |   |   | D |   |   |   |   |   |   |   |   |
   +---+---+---+---+---+---+---+---+---+---+---+---+---+---+---+
 2 |   |   |   |   |   |   |   |   |   |   |   |   |   |   |   |
   +---+---+---+---+---+---+---+---+---+---+---+---+---+---+---+
 3 |   |   |   |   | L |   |   |   |   |   |   |   |   |   |   |
   +---+---+---+---+---+---+---+---+---+---+---+---+---+---+---+
 4 |   |   |   |   | D | L |   |   |   |   |   |   |   |   |   |
   +---+---+---+---+---+---+---+---+---+---+---+---+---+---+---+
 5 |   |   | L | L | D | L |   |   |   |   |   |   |   |   |   |
   +---+---+---+---+---+---+---+---+---+---+---+---+---+---+---+
 6 |   |   |   | D | D | L | D |   | D |   |   |   |   |   |   |
   +---+---+---+---+---+---+---+---+---+---+---+---+---+---+---+
 7 |   |   | L | D | D | D | L | L |   |   |   |   |   |   |   |
   +---+---+---+---+---+---+---+---+---+---+---+---+---+---+---+
 8 |   |   | L | D | L | D | L |   |   |   |   |   |   |   |   |
   +---+---+---+---+---+---+---+---+---+---+---+---+---+---+---+
 9 |   |   | D | L |   | L | L |   |   |   |   |   |   |   |   |
   +---+---+---+---+---+---+---+---+---+---+---+---+---+---+---+
10 |   |   |   |   | L | L | L |   |   |   |   |   |   |   |   |
   +---+---+---+---+---+---+---+---+---+---+---+---+---+---+---+
11 |   |   |   | D |   | D | D | L |   |   |   |   |   |   |   |
   +---+---+---+---+---+---+---+---+---+---+---+---+---+---+---+
12 |   |   | D |   |   |   |   |   | D |   |   |   |   |   |   |
   +---+---+---+---+---+---+---+---+---+---+---+---+---+---+---+
13 |   |   |   |   |   |   |   |   |   |   |   |   |   |   |   |
   +---+---+---+---+---+---+---+---+---+---+---+---+---+---+---+
14 |   |   |   |   |   |   | D |   |   |   |   |   |   |   |   |
   +---+---+---+---+---+---+---+---+---+---+---+---+---+---+---+
15 |   |   |   |   |   |   |   |   |   |   |   |   |   |   |   |
   +---+---+---+---+---+---+---+---+---+---+---+---+---+---+---+
Move played: f10
Dark player (human) plays now
>     a   b   c   d   e   f   g   h   i   j   k   l   m   n   o 
   +---+---+---+---+---+---+---+---+---+---+---+---+---+---+---+
 1 |   |   |   |   |   |   | D |   |   |   |   |   |   |   |   |
   +---+---+---+---+---+---+---+---+---+---+---+---+---+---+---+
 2 |   |   |   |   |   |   |   |   |   |   |   |   |   |   |   |
   +---+---+---+---+---+---+---+---+---+---+---+---+---+---+---+
 3 |   |   |   |   | L |   |   |   |   |   |   |   |   |   |   |
   +---+---+---+---+---+---+---+---+---+---+---+---+---+---+---+
 4 |   |   |   |   | D | L |   |   |   |   |   |   |   |   |   |
   +---+---+---+---+---+---+---+---+---+---+---+---+---+---+---+
 5 |   |   | L | L | D | L |   |   |   |   |   |   |   |   |   |
   +---+---+---+---+---+---+---+---+---+---+---+---+---+---+---+
 6 |   |   |   | D | D | L | D |   | D |   |   |   |   |   |   |
   +---+---+---+---+---+---+---+---+---+---+---+---+---+---+---+
 7 |   |   | L | D | D | D | L | L |   |   |   |   |   |   |   |
   +---+---+---+---+---+---+---+---+---+---+---+---+---+---+---+
 8 |   |   | L | D | L | D | L |   |   |   |   |   |   |   |   |
   +---+---+---+---+---+---+---+---+---+---+---+---+---+---+---+
 9 |   |   | D | L |   | L | L |   |   |   |   |   |   |   |   |
   +---+---+---+---+---+---+---+---+---+---+---+---+---+---+---+
10 |   |   |   | D | L | L | L |   |   |   |   |   |   |   |   |
   +---+---+---+---+---+---+---+---+---+---+---+---+---+---+---+
11 |   |   |   | D |   | D | D | L |   |   |   |   |   |   |   |
   +---+---+---+---+---+---+---+---+---+---+---+---+---+---+---+
12 |   |   | D |   |   |   |   |   | D |   |   |   |   |   |   |
   +---+---+---+---+---+---+---+---+---+---+---+---+---+---+---+
13 |   |   |   |   |   |   |   |   |   |   |   |   |   |   |   |
   +---+---+---+---+---+---+---+---+---+---+---+---+---+---+---+
14 |   |   |   |   |   |   | D |   |   |   |   |   |   |   |   |
   +---+---+---+---+---+---+---+---+---+---+---+---+---+---+---+
15 |   |   |   |   |   |   |   |   |   |   |   |   |   |   |   |
   +---+---+---+---+---+---+---+---+---+---+---+---+---+---+---+
Move played: d10
Light player (COM) plays now
Light player (COM) is calculating its next move... (this might take up to 30 seconds)
     a   b   c   d   e   f   g   h   i   j   k   l   m   n   o 
   +---+---+---+---+---+---+---+---+---+---+---+---+---+---+---+
 1 |   |   |   |   |   |   | D |   |   |   |   |   |   |   |   |
   +---+---+---+---+---+---+---+---+---+---+---+---+---+---+---+
 2 |   |   |   |   |   |   |   |   |   |   |   |   |   |   |   |
   +---+---+---+---+---+---+---+---+---+---+---+---+---+---+---+
 3 |   |   |   |   | L |   |   |   |   |   |   |   |   |   |   |
   +---+---+---+---+---+---+---+---+---+---+---+---+---+---+---+
 4 |   |   |   |   | D | L |   |   |   |   |   |   |   |   |   |
   +---+---+---+---+---+---+---+---+---+---+---+---+---+---+---+
 5 |   |   | L | L | D | L |   |   |   |   |   |   |   |   |   |
   +---+---+---+---+---+---+---+---+---+---+---+---+---+---+---+
 6 |   |   |   | D | D | L | D |   | D |   |   |   |   |   |   |
   +---+---+---+---+---+---+---+---+---+---+---+---+---+---+---+
 7 |   |   | L | D | D | D | L | L |   |   |   |   |   |   |   |
   +---+---+---+---+---+---+---+---+---+---+---+---+---+---+---+
 8 |   |   | L | D | L | D | L |   |   |   |   |   |   |   |   |
   +---+---+---+---+---+---+---+---+---+---+---+---+---+---+---+
 9 |   |   | D | L |   | L | L |   |   |   |   |   |   |   |   |
   +---+---+---+---+---+---+---+---+---+---+---+---+---+---+---+
10 |   |   |   | D | L | L | L |   |   |   |   |   |   |   |   |
   +---+---+---+---+---+---+---+---+---+---+---+---+---+---+---+
11 |   |   |   | D | L | D | D | L |   |   |   |   |   |   |   |
   +---+---+---+---+---+---+---+---+---+---+---+---+---+---+---+
12 |   |   | D |   |   |   |   |   | D |   |   |   |   |   |   |
   +---+---+---+---+---+---+---+---+---+---+---+---+---+---+---+
13 |   |   |   |   |   |   |   |   |   |   |   |   |   |   |   |
   +---+---+---+---+---+---+---+---+---+---+---+---+---+---+---+
14 |   |   |   |   |   |   | D |   |   |   |   |   |   |   |   |
   +---+---+---+---+---+---+---+---+---+---+---+---+---+---+---+
15 |   |   |   |   |   |   |   |   |   |   |   |   |   |   |   |
   +---+---+---+---+---+---+---+---+---+---+---+---+---+---+---+
Move played: e11
Dark player (human) plays now
>     a   b   c   d   e   f   g   h   i   j   k   l   m   n   o 
   +---+---+---+---+---+---+---+---+---+---+---+---+---+---+---+
 1 |   |   |   |   |   |   | D |   |   |   |   |   |   |   |   |
   +---+---+---+---+---+---+---+---+---+---+---+---+---+---+---+
 2 |   |   |   |   |   |   |   |   |   |   |   |   |   |   |   |
   +---+---+---+---+---+---+---+---+---+---+---+---+---+---+---+
 3 |   |   |   |   | L |   |   |   |   |   |   |   |   |   |   |
   +---+---+---+---+---+---+---+---+---+---+---+---+---+---+---+
 4 |   |   |   |   | D | L |   |   |   |   |   |   |   |   |   |
   +---+---+---+---+---+---+---+---+---+---+---+---+---+---+---+
 5 |   |   | L | L | D | L |   |   |   |   |   |   |   |   |   |
   +---+---+---+---+---+---+---+---+---+---+---+---+---+---+---+
 6 |   |   |   | D | D | L | D |   | D |   |   |   |   |   |   |
   +---+---+---+---+---+---+---+---+---+---+---+---+---+---+---+
 7 |   |   | L | D | D | D | L | L |   |   |   |   |   |   |   |
   +---+---+---+---+---+---+---+---+---+---+---+---+---+---+---+
 8 |   |   | L | D | L | D | L | D |   |   |   |   |   |   |   |
   +---+---+---+---+---+---+---+---+---+---+---+---+---+---+---+
 9 |   |   | D | L |   | L | L |   |   |   |   |   |   |   |   |
   +---+---+---+---+---+---+---+---+---+---+---+---+---+---+---+
10 |   |   |   | D | L | L | L |   |   |   |   |   |   |   |   |
   +---+---+---+---+---+---+---+---+---+---+---+---+---+---+---+
11 |   |   |   | D | L | D | D | L |   |   |   |   |   |   |   |
   +---+---+---+---+---+---+---+---+---+---+---+---+---+---+---+
12 |   |   | D |   |   |   |   |   | D |   |   |   |   |   |   |
   +---+---+---+---+---+---+---+---+---+---+---+---+---+---+---+
13 |   |   |   |   |   |   |   |   |   |   |   |   |   |   |   |
   +---+---+---+---+---+---+---+---+---+---+---+---+---+---+---+
14 |   |   |   |   |   |   | D |   |   |   |   |   |   |   |   |
   +---+---+---+---+---+---+---+---+---+---+---+---+---+---+---+
15 |   |   |   |   |   |   |   |   |   |   |   |   |   |   |   |
   +---+---+---+---+---+---+---+---+---+---+---+---+---+---+---+
Move played: h8
Light player (COM) plays now
Light player (COM) is calculating its next move... (this might take up to 30 seconds)
     a   b   c   d   e   f   g   h   i   j   k   l   m   n   o 
   +---+---+---+---+---+---+---+---+---+---+---+---+---+---+---+
 1 |   |   |   |   |   |   | D |   |   |   |   |   |   |   |   |
   +---+---+---+---+---+---+---+---+---+---+---+---+---+---+---+
 2 |   |   |   |   |   |   |   |   |   |   |   |   |   |   |   |
   +---+---+---+---+---+---+---+---+---+---+---+---+---+---+---+
 3 |   |   |   |   | L |   |   |   |   |   |   |   |   |   |   |
   +---+---+---+---+---+---+---+---+---+---+---+---+---+---+---+
 4 |   |   |   |   | D | L |   |   |   |   |   |   |   |   |   |
   +---+---+---+---+---+---+---+---+---+---+---+---+---+---+---+
 5 |   |   | L | L | D | L |   |   |   |   |   |   |   |   |   |
   +---+---+---+---+---+---+---+---+---+---+---+---+---+---+---+
 6 |   |   |   | D | D | L | D |   | D |   |   |   |   |   |   |
   +---+---+---+---+---+---+---+---+---+---+---+---+---+---+---+
 7 |   |   | L | D | D | D | L | L |   |   |   |   |   |   |   |
   +---+---+---+---+---+---+---+---+---+---+---+---+---+---+---+
 8 |   |   | L | D | L | D | L | D |   |   |   |   |   |   |   |
   +---+---+---+---+---+---+---+---+---+---+---+---+---+---+---+
 9 |   |   | D | L | L | L | L |   |   |   |   |   |   |   |   |
   +---+---+---+---+---+---+---+---+---+---+---+---+---+---+---+
10 |   |   |   | D | L | L | L |   |   |   |   |   |   |   |   |
   +---+---+---+---+---+---+---+---+---+---+---+---+---+---+---+
11 |   |   |   | D | L | D | D | L |   |   |   |   |   |   |   |
   +---+---+---+---+---+---+---+---+---+---+---+---+---+---+---+
12 |   |   | D |   |   |   |   |   | D |   |   |   |   |   |   |
   +---+---+---+---+---+---+---+---+---+---+---+---+---+---+---+
13 |   |   |   |   |   |   |   |   |   |   |   |   |   |   |   |
   +---+---+---+---+---+---+---+---+---+---+---+---+---+---+---+
14 |   |   |   |   |   |   | D |   |   |   |   |   |   |   |   |
   +---+---+---+---+---+---+---+---+---+---+---+---+---+---+---+
15 |   |   |   |   |   |   |   |   |   |   |   |   |   |   |   |
   +---+---+---+---+---+---+---+---+---+---+---+---+---+---+---+
Move played: e9
Dark player (human) plays now
>     a   b   c   d   e   f   g   h   i   j   k   l   m   n   o 
   +---+---+---+---+---+---+---+---+---+---+---+---+---+---+---+
 1 |   |   |   |   |   |   | D |   |   |   |   |   |   |   |   |
   +---+---+---+---+---+---+---+---+---+---+---+---+---+---+---+
 2 |   |   |   |   |   |   |   |   |   |   |   |   |   |   |   |
   +---+---+---+---+---+---+---+---+---+---+---+---+---+---+---+
 3 |   |   |   |   | L |   |   |   |   |   |   |   | D |   |   |
   +---+---+---+---+---+---+---+---+---+---+---+---+---+---+---+
 4 |   |   |   |   | D | L |   |   |   |   |   |   |   |   |   |
   +---+---+---+---+---+---+---+---+---+---+---+---+---+---+---+
 5 |   |   | L | L | D | L |   |   |   |   |   |   |   |   |   |
   +---+---+---+---+---+---+---+---+---+---+---+---+---+---+---+
 6 |   |   |   | D | D | L | D |   | D |   |   |   |   |   |   |
   +---+---+---+---+---+---+---+---+---+---+---+---+---+---+---+
 7 |   |   | L | D | D | D | L | L |   |   |   |   |   |   |   |
   +---+---+---+---+---+---+---+---+---+---+---+---+---+---+---+
 8 |   |   | L | D | L | D | L | D |   |   |   |   |   |   |   |
   +---+---+---+---+---+---+---+---+---+---+---+---+---+---+---+
 9 |   |   | D | L | L | L | L |   |   |   |   |   |   |   |   |
   +---+---+---+---+---+---+---+---+---+---+---+---+---+---+---+
10 |   |   |   | D | L | L | L |   |   |   |   |   |   |   |   |
   +---+---+---+---+---+---+---+---+---+---+---+---+---+---+---+
11 |   |   |   | D | L | D | D | L |   |   |   |   |   |   |   |
   +---+---+---+---+---+---+---+---+---+---+---+---+---+---+---+
12 |   |   | D |   |   |   |   |   | D |   |   |   |   |   |   |
   +---+---+---+---+---+---+---+---+---+---+---+---+---+---+---+
13 |   |   |   |   |   |   |   |   |   |   |   |   |   |   |   |
   +---+---+---+---+---+---+---+---+---+---+---+---+---+---+---+
14 |   |   |   |   |   |   | D |   |   |   |   |   |   |   |   |
   +---+---+---+---+---+---+---+---+---+---+---+---+---+---+---+
15 |   |   |   |   |   |   |   |   |   |   |   |   |   |   |   |
   +---+---+---+---+---+---+---+---+---+---+---+---+---+---+---+
Move played: m3
Light player (COM) plays now
Light player (COM) is calculating its next move... (this might take up to 30 seconds)
     a   b   c   d   e   f   g   h   i   j   k   l   m   n   o 
   +---+---+---+---+---+---+---+---+---+---+---+---+---+---+---+
 1 |   |   |   |   |   |   | D |   |   |   |   |   |   |   |   |
   +---+---+---+---+---+---+---+---+---+---+---+---+---+---+---+
 2 |   |   |   |   |   |   |   |   |   |   |   |   |   |   |   |
   +---+---+---+---+---+---+---+---+---+---+---+---+---+---+---+
 3 |   |   |   |   | L |   |   |   |   |   |   |   | D |   |   |
   +---+---+---+---+---+---+---+---+---+---+---+---+---+---+---+
 4 |   |   |   |   | D | L |   |   |   |   |   |   |   |   |   |
   +---+---+---+---+---+---+---+---+---+---+---+---+---+---+---+
 5 |   |   | L | L | D | L |   |   |   |   |   |   |   |   |   |
   +---+---+---+---+---+---+---+---+---+---+---+---+---+---+---+
 6 |   |   |   | D | D | L | D |   | D |   |   |   |   |   |   |
   +---+---+---+---+---+---+---+---+---+---+---+---+---+---+---+
 7 |   |   | L | D | D | D | L | L |   |   |   |   |   |   |   |
   +---+---+---+---+---+---+---+---+---+---+---+---+---+---+---+
 8 |   |   | L | D | L | D | L | D |   |   |   |   |   |   |   |
   +---+---+---+---+---+---+---+---+---+---+---+---+---+---+---+
 9 |   |   | D | L | L | L | L |   |   |   |   |   |   |   |   |
   +---+---+---+---+---+---+---+---+---+---+---+---+---+---+---+
10 |   |   |   | D | L | L | L |   |   |   |   |   |   |   |   |
   +---+---+---+---+---+---+---+---+---+---+---+---+---+---+---+
11 |   |   |   | D | L | D | D | L |   |   |   |   |   |   |   |
   +---+---+---+---+---+---+---+---+---+---+---+---+---+---+---+
12 |   |   | D |   | L |   |   |   | D |   |   |   |   |   |   |
   +---+---+---+---+---+---+---+---+---+---+---+---+---+---+---+
13 |   |   |   |   |   |   |   |   |   |   |   |   |   |   |   |
   +---+---+---+---+---+---+---+---+---+---+---+---+---+---+---+
14 |   |   |   |   |   |   | D |   |   |   |   |   |   |   |   |
   +---+---+---+---+---+---+---+---+---+---+---+---+---+---+---+
15 |   |   |   |   |   |   |   |   |   |   |   |   |   |   |   |
   +---+---+---+---+---+---+---+---+---+---+---+---+---+---+---+
Move played: e12
